<?xml version="1.0" encoding="UTF-8"?>
<!-- Generated by org.testng.reporters.JUnitXMLReporter -->
<testsuite hostname="HQSWL-335593" name="Default test" tests="6" failures="0" timestamp="2 Aug 2016 20:39:34 GMT" time="7.176" errors="0">
  <testcase name="@BeforeTest beforeTest" time="0.0" classname="com.comcast.century.newConnect.NewConnectTest">
    <failure type="java.lang.NullPointerException">
      <![CDATA[java.lang.NullPointerException
	at com.comcast.century.data.LoginDetails.loadFromDatatable(LoginDetails.java:24)
	at com.comcast.century.newConnect.NewConnectTest.beforeTest(NewConnectTest.java:56)
	at sun.reflect.NativeMethodAccessorImpl.invoke0(Native Method)
	at sun.reflect.NativeMethodAccessorImpl.invoke(NativeMethodAccessorImpl.java:62)
	at sun.reflect.DelegatingMethodAccessorImpl.invoke(DelegatingMethodAccessorImpl.java:43)
	at java.lang.reflect.Method.invoke(Method.java:498)
	at org.testng.internal.MethodInvocationHelper.invokeMethod(MethodInvocationHelper.java:85)
	at org.testng.internal.Invoker.invokeConfigurationMethod(Invoker.java:510)
	at org.testng.internal.Invoker.invokeConfigurations(Invoker.java:211)
	at org.testng.internal.Invoker.invokeConfigurations(Invoker.java:138)
	at org.testng.TestRunner.beforeRun(TestRunner.java:648)
	at org.testng.TestRunner.run(TestRunner.java:616)
	at org.testng.SuiteRunner.runTest(SuiteRunner.java:359)
	at org.testng.SuiteRunner.runSequentially(SuiteRunner.java:354)
	at org.testng.SuiteRunner.privateRun(SuiteRunner.java:312)
	at org.testng.SuiteRunner.run(SuiteRunner.java:261)
	at org.testng.SuiteRunnerWorker.runSuite(SuiteRunnerWorker.java:52)
	at org.testng.SuiteRunnerWorker.run(SuiteRunnerWorker.java:86)
	at org.testng.TestNG.runSuitesSequentially(TestNG.java:1191)
	at org.testng.TestNG.runSuitesLocally(TestNG.java:1116)
	at org.testng.TestNG.run(TestNG.java:1024)
	at org.testng.remote.AbstractRemoteTestNG.run(AbstractRemoteTestNG.java:126)
	at org.testng.remote.RemoteTestNG.initAndRun(RemoteTestNG.java:137)
	at org.testng.remote.RemoteTestNG.main(RemoteTestNG.java:58)
]]>
    </failure>
  </testcase> <!-- @BeforeTest beforeTest -->
  <testcase name="@BeforeMethod setupData" time="0.0" classname="com.comcast.century.newConnect.NewConnectTest">
    <skipped/>
  </testcase> <!-- @BeforeMethod setupData -->
  <testcase name="@BeforeMethod beforeMethod" time="0.0" classname="com.comcast.century.newConnect.NewConnectTest">
    <skipped/>
  </testcase> <!-- @BeforeMethod beforeMethod -->
  <testcase name="@AfterMethod afterMethod" time="0.0" classname="com.comcast.century.newConnect.NewConnectTest">
    <skipped/>
  </testcase> <!-- @AfterMethod afterMethod -->
  <testcase name="@AfterMethod tearDown" time="0.0" classname="com.comcast.century.newConnect.NewConnectTest">
    <skipped/>
  </testcase> <!-- @AfterMethod tearDown -->
  <testcase name="@AfterClass endReportSummaryReport" time="0.0" classname="com.comcast.century.newConnect.NewConnectTest">
    <skipped/>
  </testcase> <!-- @AfterClass endReportSummaryReport -->
  <testcase name="@AfterTest afterTest" time="0.0" classname="com.comcast.century.newConnect.NewConnectTest">
    <skipped/>
  </testcase> <!-- @AfterTest afterTest -->
  <testcase name="createCustomer" time="0.001" classname="com.comcast.century.newConnect.NewConnectTest">
    <skipped/>
  </testcase> <!-- createCustomer -->
  <testcase name="createAccount" time="0.0" classname="com.comcast.century.newConnect.NewConnectTest">
    <skipped/>
  </testcase> <!-- createAccount -->
  <testcase name="createAddress" time="0.0" classname="com.comcast.century.newConnect.NewConnectTest">
    <skipped/>
  </testcase> <!-- createAddress -->
  <testcase name="selectService" time="0.0" classname="com.comcast.century.newConnect.NewConnectTest">
    <skipped/>
  </testcase> <!-- selectService -->
  <testcase name="processService" time="0.0" classname="com.comcast.century.newConnect.NewConnectTest">
    <skipped/>
  </testcase> <!-- processService -->
  <testcase name="submitOrder" time="0.0" classname="com.comcast.century.newConnect.NewConnectTest">
    <skipped/>
  </testcase> <!-- submitOrder -->
</testsuite> <!-- Default test -->
