<?xml version="1.0" encoding="UTF-8"?>
<!-- Generated by org.testng.reporters.JUnitXMLReporter -->
<testsuite hostname="HQSWL-335593" name="New_Connect_ME_EDI_New_connect" tests="6" failures="0" timestamp="8 Aug 2016 20:25:33 GMT" time="360.425" errors="0">
  <testcase name="createServiceAccount" time="33.874" classname="com.comcast.century.newConnect.NewConnectTest"/>
  <testcase name="createBillingAccount" time="43.523" classname="com.comcast.century.newConnect.NewConnectTest"/>
  <testcase name="createAddress" time="37.467" classname="com.comcast.century.newConnect.NewConnectTest"/>
  <testcase name="selectService" time="52.905" classname="com.comcast.century.newConnect.NewConnectTest"/>
  <testcase name="processService" time="121.153" classname="com.comcast.century.newConnect.NewConnectTest"/>
  <testcase name="submitOrder" time="53.135" classname="com.comcast.century.newConnect.NewConnectTest"/>
</testsuite> <!-- New_Connect_ME_EDI_New_connect -->
