<?xml version="1.0" encoding="UTF-8"?>
<testng-results skipped="35" failed="1" total="68" passed="32">
  <reporter-output>
  </reporter-output>
  <suite name="Suite" duration-ms="1577118" started-at="2016-08-31T17:46:59Z" finished-at="2016-08-31T18:13:16Z">
    <groups>
    </groups>
    <test name="001_Validate Related Order ID attribute_Metro E New Connect" duration-ms="632982" started-at="2016-08-31T17:46:59Z" finished-at="2016-08-31T17:57:32Z">
      <class name="com.comcast.century.newConnect.Validate_Related_Order_ID_attribute">
        <test-method status="PASS" signature="beforeTestMain(org.testng.ITestContext)[pri:0, instance:com.comcast.century.newConnect.Validate_Related_Order_ID_attribute@1ec318]" name="beforeTestMain" is-config="true" duration-ms="26266" started-at="2016-08-31T23:16:59Z" finished-at="2016-08-31T23:17:25Z">
          <params>
            <param index="0">
              <value>
                <![CDATA[org.testng.TestRunner@10587f1]]>
              </value>
            </param>
          </params>
          <reporter-output>
          </reporter-output>
        </test-method> <!-- beforeTestMain -->
        <test-method status="PASS" signature="beforeTest()[pri:0, instance:com.comcast.century.newConnect.Validate_Related_Order_ID_attribute@1ec318]" name="beforeTest" is-config="true" duration-ms="1054" started-at="2016-08-31T23:17:25Z" finished-at="2016-08-31T23:17:26Z">
          <reporter-output>
          </reporter-output>
        </test-method> <!-- beforeTest -->
        <test-method status="PASS" signature="setupData(java.lang.reflect.Method)[pri:0, instance:com.comcast.century.newConnect.Validate_Related_Order_ID_attribute@1ec318]" name="setupData" is-config="true" duration-ms="35562" started-at="2016-08-31T23:17:26Z" finished-at="2016-08-31T23:18:01Z">
          <params>
            <param index="0">
              <value>
                <![CDATA[public void com.comcast.century.newConnect.NewConnectTest.createCustomer()]]>
              </value>
            </param>
          </params>
          <reporter-output>
          </reporter-output>
        </test-method> <!-- setupData -->
        <test-method status="PASS" signature="createCustomer()[pri:500, instance:com.comcast.century.newConnect.Validate_Related_Order_ID_attribute@1ec318]" name="createCustomer" duration-ms="63665" started-at="2016-08-31T23:18:01Z" finished-at="2016-08-31T23:19:05Z">
          <reporter-output>
          </reporter-output>
        </test-method> <!-- createCustomer -->
        <test-method status="PASS" signature="afterMethod()[pri:0, instance:com.comcast.century.newConnect.Validate_Related_Order_ID_attribute@1ec318]" name="afterMethod" is-config="true" duration-ms="1" started-at="2016-08-31T23:19:05Z" finished-at="2016-08-31T23:19:05Z">
          <reporter-output>
          </reporter-output>
        </test-method> <!-- afterMethod -->
        <test-method status="PASS" signature="tearDown(org.testng.ITestResult)[pri:0, instance:com.comcast.century.newConnect.Validate_Related_Order_ID_attribute@1ec318]" name="tearDown" is-config="true" duration-ms="0" started-at="2016-08-31T23:19:05Z" finished-at="2016-08-31T23:19:05Z">
          <params>
            <param index="0">
              <value>
                <![CDATA[[TestResult name=createCustomer status=SUCCESS method=NewConnectTest.createCustomer()[pri:500, instance:com.comcast.century.newConnect.Validate_Related_Order_ID_attribute@1ec318] output={null}]]]>
              </value>
            </param>
          </params>
          <reporter-output>
          </reporter-output>
        </test-method> <!-- tearDown -->
        <test-method status="PASS" signature="setupData(java.lang.reflect.Method)[pri:0, instance:com.comcast.century.newConnect.Validate_Related_Order_ID_attribute@1ec318]" name="setupData" is-config="true" duration-ms="0" started-at="2016-08-31T23:19:05Z" finished-at="2016-08-31T23:19:05Z">
          <params>
            <param index="0">
              <value>
                <![CDATA[public void com.comcast.century.newConnect.NewConnectTest.createServiceAccount() throws java.lang.InterruptedException]]>
              </value>
            </param>
          </params>
          <reporter-output>
          </reporter-output>
        </test-method> <!-- setupData -->
        <test-method status="PASS" signature="createServiceAccount()[pri:1000, instance:com.comcast.century.newConnect.Validate_Related_Order_ID_attribute@1ec318]" name="createServiceAccount" duration-ms="64010" started-at="2016-08-31T23:19:05Z" finished-at="2016-08-31T23:20:09Z">
          <reporter-output>
          </reporter-output>
        </test-method> <!-- createServiceAccount -->
        <test-method status="PASS" signature="tearDown(org.testng.ITestResult)[pri:0, instance:com.comcast.century.newConnect.Validate_Related_Order_ID_attribute@1ec318]" name="tearDown" is-config="true" duration-ms="1" started-at="2016-08-31T23:20:09Z" finished-at="2016-08-31T23:20:09Z">
          <params>
            <param index="0">
              <value>
                <![CDATA[[TestResult name=createServiceAccount status=SUCCESS method=NewConnectTest.createServiceAccount()[pri:1000, instance:com.comcast.century.newConnect.Validate_Related_Order_ID_attribute@1ec318] output={null}]]]>
              </value>
            </param>
          </params>
          <reporter-output>
          </reporter-output>
        </test-method> <!-- tearDown -->
        <test-method status="PASS" signature="afterMethod()[pri:0, instance:com.comcast.century.newConnect.Validate_Related_Order_ID_attribute@1ec318]" name="afterMethod" is-config="true" duration-ms="0" started-at="2016-08-31T23:20:09Z" finished-at="2016-08-31T23:20:09Z">
          <reporter-output>
          </reporter-output>
        </test-method> <!-- afterMethod -->
        <test-method status="PASS" signature="setupData(java.lang.reflect.Method)[pri:0, instance:com.comcast.century.newConnect.Validate_Related_Order_ID_attribute@1ec318]" name="setupData" is-config="true" duration-ms="0" started-at="2016-08-31T23:20:09Z" finished-at="2016-08-31T23:20:09Z">
          <params>
            <param index="0">
              <value>
                <![CDATA[public void com.comcast.century.newConnect.NewConnectTest.createBillingAccount() throws java.lang.InterruptedException]]>
              </value>
            </param>
          </params>
          <reporter-output>
          </reporter-output>
        </test-method> <!-- setupData -->
        <test-method status="PASS" signature="createBillingAccount()[pri:1500, instance:com.comcast.century.newConnect.Validate_Related_Order_ID_attribute@1ec318]" name="createBillingAccount" duration-ms="77343" started-at="2016-08-31T23:20:09Z" finished-at="2016-08-31T23:21:26Z">
          <reporter-output>
          </reporter-output>
        </test-method> <!-- createBillingAccount -->
        <test-method status="PASS" signature="tearDown(org.testng.ITestResult)[pri:0, instance:com.comcast.century.newConnect.Validate_Related_Order_ID_attribute@1ec318]" name="tearDown" is-config="true" duration-ms="1" started-at="2016-08-31T23:21:26Z" finished-at="2016-08-31T23:21:26Z">
          <params>
            <param index="0">
              <value>
                <![CDATA[[TestResult name=createBillingAccount status=SUCCESS method=NewConnectTest.createBillingAccount()[pri:1500, instance:com.comcast.century.newConnect.Validate_Related_Order_ID_attribute@1ec318] output={null}]]]>
              </value>
            </param>
          </params>
          <reporter-output>
          </reporter-output>
        </test-method> <!-- tearDown -->
        <test-method status="PASS" signature="afterMethod()[pri:0, instance:com.comcast.century.newConnect.Validate_Related_Order_ID_attribute@1ec318]" name="afterMethod" is-config="true" duration-ms="0" started-at="2016-08-31T23:21:26Z" finished-at="2016-08-31T23:21:26Z">
          <reporter-output>
          </reporter-output>
        </test-method> <!-- afterMethod -->
        <test-method status="PASS" signature="setupData(java.lang.reflect.Method)[pri:0, instance:com.comcast.century.newConnect.Validate_Related_Order_ID_attribute@1ec318]" name="setupData" is-config="true" duration-ms="0" started-at="2016-08-31T23:21:26Z" finished-at="2016-08-31T23:21:26Z">
          <params>
            <param index="0">
              <value>
                <![CDATA[public void com.comcast.century.newConnect.NewConnectTest.createAddress1() throws java.lang.InterruptedException]]>
              </value>
            </param>
          </params>
          <reporter-output>
          </reporter-output>
        </test-method> <!-- setupData -->
        <test-method status="PASS" signature="createAddress1()[pri:2000, instance:com.comcast.century.newConnect.Validate_Related_Order_ID_attribute@1ec318]" name="createAddress1" duration-ms="91035" started-at="2016-08-31T23:21:26Z" finished-at="2016-08-31T23:22:58Z">
          <reporter-output>
          </reporter-output>
        </test-method> <!-- createAddress1 -->
        <test-method status="PASS" signature="tearDown(org.testng.ITestResult)[pri:0, instance:com.comcast.century.newConnect.Validate_Related_Order_ID_attribute@1ec318]" name="tearDown" is-config="true" duration-ms="1" started-at="2016-08-31T23:22:58Z" finished-at="2016-08-31T23:22:58Z">
          <params>
            <param index="0">
              <value>
                <![CDATA[[TestResult name=createAddress1 status=SUCCESS method=NewConnectTest.createAddress1()[pri:2000, instance:com.comcast.century.newConnect.Validate_Related_Order_ID_attribute@1ec318] output={null}]]]>
              </value>
            </param>
          </params>
          <reporter-output>
          </reporter-output>
        </test-method> <!-- tearDown -->
        <test-method status="PASS" signature="afterMethod()[pri:0, instance:com.comcast.century.newConnect.Validate_Related_Order_ID_attribute@1ec318]" name="afterMethod" is-config="true" duration-ms="0" started-at="2016-08-31T23:22:58Z" finished-at="2016-08-31T23:22:58Z">
          <reporter-output>
          </reporter-output>
        </test-method> <!-- afterMethod -->
        <test-method status="PASS" signature="setupData(java.lang.reflect.Method)[pri:0, instance:com.comcast.century.newConnect.Validate_Related_Order_ID_attribute@1ec318]" name="setupData" is-config="true" duration-ms="1" started-at="2016-08-31T23:22:58Z" finished-at="2016-08-31T23:22:58Z">
          <params>
            <param index="0">
              <value>
                <![CDATA[public void com.comcast.century.newConnect.NewConnectTest.selectService() throws java.lang.InterruptedException]]>
              </value>
            </param>
          </params>
          <reporter-output>
          </reporter-output>
        </test-method> <!-- setupData -->
        <test-method status="PASS" signature="selectService()[pri:3500, instance:com.comcast.century.newConnect.Validate_Related_Order_ID_attribute@1ec318]" name="selectService" duration-ms="25703" started-at="2016-08-31T23:22:58Z" finished-at="2016-08-31T23:23:23Z">
          <reporter-output>
          </reporter-output>
        </test-method> <!-- selectService -->
        <test-method status="PASS" signature="tearDown(org.testng.ITestResult)[pri:0, instance:com.comcast.century.newConnect.Validate_Related_Order_ID_attribute@1ec318]" name="tearDown" is-config="true" duration-ms="1" started-at="2016-08-31T23:23:23Z" finished-at="2016-08-31T23:23:23Z">
          <params>
            <param index="0">
              <value>
                <![CDATA[[TestResult name=selectService status=SUCCESS method=NewConnectTest.selectService()[pri:3500, instance:com.comcast.century.newConnect.Validate_Related_Order_ID_attribute@1ec318] output={null}]]]>
              </value>
            </param>
          </params>
          <reporter-output>
          </reporter-output>
        </test-method> <!-- tearDown -->
        <test-method status="PASS" signature="afterMethod()[pri:0, instance:com.comcast.century.newConnect.Validate_Related_Order_ID_attribute@1ec318]" name="afterMethod" is-config="true" duration-ms="0" started-at="2016-08-31T23:23:23Z" finished-at="2016-08-31T23:23:23Z">
          <reporter-output>
          </reporter-output>
        </test-method> <!-- afterMethod -->
        <test-method status="PASS" signature="configureService()[pri:4000, instance:com.comcast.century.newConnect.Validate_Related_Order_ID_attribute@1ec318]" name="configureService" duration-ms="12638" started-at="2016-08-31T23:23:23Z" finished-at="2016-08-31T23:23:36Z">
          <reporter-output>
          </reporter-output>
        </test-method> <!-- configureService -->
        <test-method status="PASS" signature="setupData(java.lang.reflect.Method)[pri:0, instance:com.comcast.century.newConnect.Validate_Related_Order_ID_attribute@1ec318]" name="setupData" is-config="true" duration-ms="0" started-at="2016-08-31T23:23:23Z" finished-at="2016-08-31T23:23:23Z">
          <params>
            <param index="0">
              <value>
                <![CDATA[public void com.comcast.century.newConnect.NewConnectTest.configureService() throws java.lang.InterruptedException]]>
              </value>
            </param>
          </params>
          <reporter-output>
          </reporter-output>
        </test-method> <!-- setupData -->
        <test-method status="PASS" signature="afterMethod()[pri:0, instance:com.comcast.century.newConnect.Validate_Related_Order_ID_attribute@1ec318]" name="afterMethod" is-config="true" duration-ms="0" started-at="2016-08-31T23:23:36Z" finished-at="2016-08-31T23:23:36Z">
          <reporter-output>
          </reporter-output>
        </test-method> <!-- afterMethod -->
        <test-method status="PASS" signature="tearDown(org.testng.ITestResult)[pri:0, instance:com.comcast.century.newConnect.Validate_Related_Order_ID_attribute@1ec318]" name="tearDown" is-config="true" duration-ms="1" started-at="2016-08-31T23:23:36Z" finished-at="2016-08-31T23:23:36Z">
          <params>
            <param index="0">
              <value>
                <![CDATA[[TestResult name=configureService status=SUCCESS method=NewConnectTest.configureService()[pri:4000, instance:com.comcast.century.newConnect.Validate_Related_Order_ID_attribute@1ec318] output={null}]]]>
              </value>
            </param>
          </params>
          <reporter-output>
          </reporter-output>
        </test-method> <!-- tearDown -->
        <test-method status="PASS" signature="processService()[pri:4500, instance:com.comcast.century.newConnect.Validate_Related_Order_ID_attribute@1ec318]" name="processService" duration-ms="77742" started-at="2016-08-31T23:23:36Z" finished-at="2016-08-31T23:24:54Z">
          <reporter-output>
          </reporter-output>
        </test-method> <!-- processService -->
        <test-method status="PASS" signature="setupData(java.lang.reflect.Method)[pri:0, instance:com.comcast.century.newConnect.Validate_Related_Order_ID_attribute@1ec318]" name="setupData" is-config="true" duration-ms="0" started-at="2016-08-31T23:23:36Z" finished-at="2016-08-31T23:23:36Z">
          <params>
            <param index="0">
              <value>
                <![CDATA[public void com.comcast.century.newConnect.NewConnectTest.processService() throws java.lang.InterruptedException]]>
              </value>
            </param>
          </params>
          <reporter-output>
          </reporter-output>
        </test-method> <!-- setupData -->
        <test-method status="PASS" signature="tearDown(org.testng.ITestResult)[pri:0, instance:com.comcast.century.newConnect.Validate_Related_Order_ID_attribute@1ec318]" name="tearDown" is-config="true" duration-ms="1" started-at="2016-08-31T23:24:54Z" finished-at="2016-08-31T23:24:54Z">
          <params>
            <param index="0">
              <value>
                <![CDATA[[TestResult name=processService status=SUCCESS method=NewConnectTest.processService()[pri:4500, instance:com.comcast.century.newConnect.Validate_Related_Order_ID_attribute@1ec318] output={null}]]]>
              </value>
            </param>
          </params>
          <reporter-output>
          </reporter-output>
        </test-method> <!-- tearDown -->
        <test-method status="PASS" signature="afterMethod()[pri:0, instance:com.comcast.century.newConnect.Validate_Related_Order_ID_attribute@1ec318]" name="afterMethod" is-config="true" duration-ms="0" started-at="2016-08-31T23:24:54Z" finished-at="2016-08-31T23:24:54Z">
          <reporter-output>
          </reporter-output>
        </test-method> <!-- afterMethod -->
        <test-method status="PASS" signature="setupData(java.lang.reflect.Method)[pri:0, instance:com.comcast.century.newConnect.Validate_Related_Order_ID_attribute@1ec318]" name="setupData" is-config="true" duration-ms="0" started-at="2016-08-31T23:24:54Z" finished-at="2016-08-31T23:24:54Z">
          <params>
            <param index="0">
              <value>
                <![CDATA[public void com.comcast.century.newConnect.Validate_Related_Order_ID_attribute.relatedOrderIDAttribute() throws java.lang.InterruptedException]]>
              </value>
            </param>
          </params>
          <reporter-output>
          </reporter-output>
        </test-method> <!-- setupData -->
        <test-method status="PASS" signature="relatedOrderIDAttribute()[pri:4600, instance:com.comcast.century.newConnect.Validate_Related_Order_ID_attribute@1ec318]" name="relatedOrderIDAttribute" duration-ms="8779" started-at="2016-08-31T23:24:54Z" finished-at="2016-08-31T23:25:02Z">
          <reporter-output>
          </reporter-output>
        </test-method> <!-- relatedOrderIDAttribute -->
        <test-method status="PASS" signature="afterMethod()[pri:0, instance:com.comcast.century.newConnect.Validate_Related_Order_ID_attribute@1ec318]" name="afterMethod" is-config="true" duration-ms="0" started-at="2016-08-31T23:25:02Z" finished-at="2016-08-31T23:25:02Z">
          <reporter-output>
          </reporter-output>
        </test-method> <!-- afterMethod -->
        <test-method status="PASS" signature="tearDown(org.testng.ITestResult)[pri:0, instance:com.comcast.century.newConnect.Validate_Related_Order_ID_attribute@1ec318]" name="tearDown" is-config="true" duration-ms="1" started-at="2016-08-31T23:25:02Z" finished-at="2016-08-31T23:25:02Z">
          <params>
            <param index="0">
              <value>
                <![CDATA[[TestResult name=relatedOrderIDAttribute status=SUCCESS method=Validate_Related_Order_ID_attribute.relatedOrderIDAttribute()[pri:4600, instance:com.comcast.century.newConnect.Validate_Related_Order_ID_attribute@1ec318] output={null}]]]>
              </value>
            </param>
          </params>
          <reporter-output>
          </reporter-output>
        </test-method> <!-- tearDown -->
        <test-method status="PASS" signature="submitOrder()[pri:5000, instance:com.comcast.century.newConnect.Validate_Related_Order_ID_attribute@1ec318]" name="submitOrder" duration-ms="69486" started-at="2016-08-31T23:25:02Z" finished-at="2016-08-31T23:26:12Z">
          <reporter-output>
          </reporter-output>
        </test-method> <!-- submitOrder -->
        <test-method status="PASS" signature="setupData(java.lang.reflect.Method)[pri:0, instance:com.comcast.century.newConnect.Validate_Related_Order_ID_attribute@1ec318]" name="setupData" is-config="true" duration-ms="0" started-at="2016-08-31T23:25:02Z" finished-at="2016-08-31T23:25:02Z">
          <params>
            <param index="0">
              <value>
                <![CDATA[public void com.comcast.century.newConnect.NewConnectTest.submitOrder() throws java.lang.InterruptedException]]>
              </value>
            </param>
          </params>
          <reporter-output>
          </reporter-output>
        </test-method> <!-- setupData -->
        <test-method status="PASS" signature="afterMethod()[pri:0, instance:com.comcast.century.newConnect.Validate_Related_Order_ID_attribute@1ec318]" name="afterMethod" is-config="true" duration-ms="0" started-at="2016-08-31T23:26:12Z" finished-at="2016-08-31T23:26:12Z">
          <reporter-output>
          </reporter-output>
        </test-method> <!-- afterMethod -->
        <test-method status="PASS" signature="tearDown(org.testng.ITestResult)[pri:0, instance:com.comcast.century.newConnect.Validate_Related_Order_ID_attribute@1ec318]" name="tearDown" is-config="true" duration-ms="1" started-at="2016-08-31T23:26:12Z" finished-at="2016-08-31T23:26:12Z">
          <params>
            <param index="0">
              <value>
                <![CDATA[[TestResult name=submitOrder status=SUCCESS method=NewConnectTest.submitOrder()[pri:5000, instance:com.comcast.century.newConnect.Validate_Related_Order_ID_attribute@1ec318] output={null}]]]>
              </value>
            </param>
          </params>
          <reporter-output>
          </reporter-output>
        </test-method> <!-- tearDown -->
        <test-method status="PASS" signature="setupData(java.lang.reflect.Method)[pri:0, instance:com.comcast.century.newConnect.Validate_Related_Order_ID_attribute@1ec318]" name="setupData" is-config="true" duration-ms="25614" started-at="2016-08-31T23:26:12Z" finished-at="2016-08-31T23:26:37Z">
          <params>
            <param index="0">
              <value>
                <![CDATA[public void com.comcast.century.newConnect.Validate_Related_Order_ID_attribute.validateRelatedOrderID() throws java.lang.InterruptedException]]>
              </value>
            </param>
          </params>
          <reporter-output>
          </reporter-output>
        </test-method> <!-- setupData -->
        <test-method status="PASS" signature="validateRelatedOrderID()[pri:5100, instance:com.comcast.century.newConnect.Validate_Related_Order_ID_attribute@1ec318]" name="validateRelatedOrderID" duration-ms="53964" started-at="2016-08-31T23:26:37Z" finished-at="2016-08-31T23:27:31Z">
          <reporter-output>
          </reporter-output>
        </test-method> <!-- validateRelatedOrderID -->
        <test-method status="PASS" signature="afterMethod()[pri:0, instance:com.comcast.century.newConnect.Validate_Related_Order_ID_attribute@1ec318]" name="afterMethod" is-config="true" duration-ms="0" started-at="2016-08-31T23:27:31Z" finished-at="2016-08-31T23:27:31Z">
          <reporter-output>
          </reporter-output>
        </test-method> <!-- afterMethod -->
        <test-method status="PASS" signature="tearDown(org.testng.ITestResult)[pri:0, instance:com.comcast.century.newConnect.Validate_Related_Order_ID_attribute@1ec318]" name="tearDown" is-config="true" duration-ms="1" started-at="2016-08-31T23:27:31Z" finished-at="2016-08-31T23:27:31Z">
          <params>
            <param index="0">
              <value>
                <![CDATA[[TestResult name=validateRelatedOrderID status=SUCCESS method=Validate_Related_Order_ID_attribute.validateRelatedOrderID()[pri:5100, instance:com.comcast.century.newConnect.Validate_Related_Order_ID_attribute@1ec318] output={null}]]]>
              </value>
            </param>
          </params>
          <reporter-output>
          </reporter-output>
        </test-method> <!-- tearDown -->
        <test-method status="PASS" signature="endReportSummaryReport()[pri:0, instance:com.comcast.century.newConnect.Validate_Related_Order_ID_attribute@1ec318]" name="endReportSummaryReport" is-config="true" duration-ms="21" started-at="2016-08-31T23:27:31Z" finished-at="2016-08-31T23:27:31Z">
          <reporter-output>
          </reporter-output>
        </test-method> <!-- endReportSummaryReport -->
        <test-method status="PASS" signature="afterTestMain()[pri:0, instance:com.comcast.century.newConnect.Validate_Related_Order_ID_attribute@1ec318]" name="afterTestMain" is-config="true" duration-ms="60" started-at="2016-08-31T23:27:31Z" depends-on-methods="com.comcast.century.newConnect.NewConnectTest.afterTest" finished-at="2016-08-31T23:27:32Z">
          <reporter-output>
          </reporter-output>
        </test-method> <!-- afterTestMain -->
        <test-method status="PASS" signature="afterTest()[pri:0, instance:com.comcast.century.newConnect.Validate_Related_Order_ID_attribute@1ec318]" name="afterTest" is-config="true" duration-ms="0" started-at="2016-08-31T23:27:31Z" finished-at="2016-08-31T23:27:31Z">
          <reporter-output>
          </reporter-output>
        </test-method> <!-- afterTest -->
      </class> <!-- com.comcast.century.newConnect.Validate_Related_Order_ID_attribute -->
    </test> <!-- 001_Validate Related Order ID attribute_Metro E New Connect -->
    <test name="004-ME(EDI) - New Connect - ERate" duration-ms="921284" started-at="2016-08-31T17:46:59Z" finished-at="2016-08-31T18:02:20Z">
      <class name="com.comcast.century.newConnect.NewConnectTest">
        <test-method status="PASS" signature="beforeTestMain(org.testng.ITestContext)[pri:0, instance:com.comcast.century.newConnect.NewConnectTest@1753b6d]" name="beforeTestMain" is-config="true" duration-ms="35974" started-at="2016-08-31T23:16:59Z" finished-at="2016-08-31T23:17:35Z">
          <params>
            <param index="0">
              <value>
                <![CDATA[org.testng.TestRunner@17b7b6]]>
              </value>
            </param>
          </params>
          <reporter-output>
          </reporter-output>
        </test-method> <!-- beforeTestMain -->
        <test-method status="PASS" signature="setupData(java.lang.reflect.Method)[pri:0, instance:com.comcast.century.newConnect.NewConnectTest@1753b6d]" name="setupData" is-config="true" duration-ms="36853" started-at="2016-08-31T23:17:35Z" finished-at="2016-08-31T23:18:11Z">
          <params>
            <param index="0">
              <value>
                <![CDATA[public void com.comcast.century.newConnect.NewConnectTest.createCustomer()]]>
              </value>
            </param>
          </params>
          <reporter-output>
          </reporter-output>
        </test-method> <!-- setupData -->
        <test-method status="PASS" signature="beforeTest()[pri:0, instance:com.comcast.century.newConnect.NewConnectTest@1753b6d]" name="beforeTest" is-config="true" duration-ms="0" started-at="2016-08-31T23:17:35Z" finished-at="2016-08-31T23:17:35Z">
          <reporter-output>
          </reporter-output>
        </test-method> <!-- beforeTest -->
        <test-method status="PASS" signature="createCustomer()[pri:500, instance:com.comcast.century.newConnect.NewConnectTest@1753b6d]" name="createCustomer" duration-ms="72766" started-at="2016-08-31T23:18:11Z" finished-at="2016-08-31T23:19:24Z">
          <reporter-output>
          </reporter-output>
        </test-method> <!-- createCustomer -->
        <test-method status="PASS" signature="tearDown(org.testng.ITestResult)[pri:0, instance:com.comcast.century.newConnect.NewConnectTest@1753b6d]" name="tearDown" is-config="true" duration-ms="1" started-at="2016-08-31T23:19:24Z" finished-at="2016-08-31T23:19:24Z">
          <params>
            <param index="0">
              <value>
                <![CDATA[[TestResult name=createCustomer status=SUCCESS method=NewConnectTest.createCustomer()[pri:500, instance:com.comcast.century.newConnect.NewConnectTest@1753b6d] output={null}]]]>
              </value>
            </param>
          </params>
          <reporter-output>
          </reporter-output>
        </test-method> <!-- tearDown -->
        <test-method status="PASS" signature="afterMethod()[pri:0, instance:com.comcast.century.newConnect.NewConnectTest@1753b6d]" name="afterMethod" is-config="true" duration-ms="0" started-at="2016-08-31T23:19:24Z" finished-at="2016-08-31T23:19:24Z">
          <reporter-output>
          </reporter-output>
        </test-method> <!-- afterMethod -->
        <test-method status="PASS" signature="createServiceAccount()[pri:1000, instance:com.comcast.century.newConnect.NewConnectTest@1753b6d]" name="createServiceAccount" duration-ms="87576" started-at="2016-08-31T23:19:24Z" finished-at="2016-08-31T23:20:52Z">
          <reporter-output>
          </reporter-output>
        </test-method> <!-- createServiceAccount -->
        <test-method status="PASS" signature="setupData(java.lang.reflect.Method)[pri:0, instance:com.comcast.century.newConnect.NewConnectTest@1753b6d]" name="setupData" is-config="true" duration-ms="0" started-at="2016-08-31T23:19:24Z" finished-at="2016-08-31T23:19:24Z">
          <params>
            <param index="0">
              <value>
                <![CDATA[public void com.comcast.century.newConnect.NewConnectTest.createServiceAccount() throws java.lang.InterruptedException]]>
              </value>
            </param>
          </params>
          <reporter-output>
          </reporter-output>
        </test-method> <!-- setupData -->
        <test-method status="PASS" signature="afterMethod()[pri:0, instance:com.comcast.century.newConnect.NewConnectTest@1753b6d]" name="afterMethod" is-config="true" duration-ms="2" started-at="2016-08-31T23:20:52Z" finished-at="2016-08-31T23:20:52Z">
          <reporter-output>
          </reporter-output>
        </test-method> <!-- afterMethod -->
        <test-method status="PASS" signature="tearDown(org.testng.ITestResult)[pri:0, instance:com.comcast.century.newConnect.NewConnectTest@1753b6d]" name="tearDown" is-config="true" duration-ms="1" started-at="2016-08-31T23:20:52Z" finished-at="2016-08-31T23:20:52Z">
          <params>
            <param index="0">
              <value>
                <![CDATA[[TestResult name=createServiceAccount status=SUCCESS method=NewConnectTest.createServiceAccount()[pri:1000, instance:com.comcast.century.newConnect.NewConnectTest@1753b6d] output={null}]]]>
              </value>
            </param>
          </params>
          <reporter-output>
          </reporter-output>
        </test-method> <!-- tearDown -->
        <test-method status="PASS" signature="createBillingAccount()[pri:1500, instance:com.comcast.century.newConnect.NewConnectTest@1753b6d]" name="createBillingAccount" duration-ms="95256" started-at="2016-08-31T23:20:52Z" finished-at="2016-08-31T23:22:27Z">
          <reporter-output>
          </reporter-output>
        </test-method> <!-- createBillingAccount -->
        <test-method status="PASS" signature="setupData(java.lang.reflect.Method)[pri:0, instance:com.comcast.century.newConnect.NewConnectTest@1753b6d]" name="setupData" is-config="true" duration-ms="0" started-at="2016-08-31T23:20:52Z" finished-at="2016-08-31T23:20:52Z">
          <params>
            <param index="0">
              <value>
                <![CDATA[public void com.comcast.century.newConnect.NewConnectTest.createBillingAccount() throws java.lang.InterruptedException]]>
              </value>
            </param>
          </params>
          <reporter-output>
          </reporter-output>
        </test-method> <!-- setupData -->
        <test-method status="PASS" signature="tearDown(org.testng.ITestResult)[pri:0, instance:com.comcast.century.newConnect.NewConnectTest@1753b6d]" name="tearDown" is-config="true" duration-ms="1" started-at="2016-08-31T23:22:27Z" finished-at="2016-08-31T23:22:27Z">
          <params>
            <param index="0">
              <value>
                <![CDATA[[TestResult name=createBillingAccount status=SUCCESS method=NewConnectTest.createBillingAccount()[pri:1500, instance:com.comcast.century.newConnect.NewConnectTest@1753b6d] output={null}]]]>
              </value>
            </param>
          </params>
          <reporter-output>
          </reporter-output>
        </test-method> <!-- tearDown -->
        <test-method status="PASS" signature="afterMethod()[pri:0, instance:com.comcast.century.newConnect.NewConnectTest@1753b6d]" name="afterMethod" is-config="true" duration-ms="0" started-at="2016-08-31T23:22:27Z" finished-at="2016-08-31T23:22:27Z">
          <reporter-output>
          </reporter-output>
        </test-method> <!-- afterMethod -->
        <test-method status="PASS" signature="setupData(java.lang.reflect.Method)[pri:0, instance:com.comcast.century.newConnect.NewConnectTest@1753b6d]" name="setupData" is-config="true" duration-ms="1" started-at="2016-08-31T23:22:27Z" finished-at="2016-08-31T23:22:27Z">
          <params>
            <param index="0">
              <value>
                <![CDATA[public void com.comcast.century.newConnect.NewConnectTest.createAddress1() throws java.lang.InterruptedException]]>
              </value>
            </param>
          </params>
          <reporter-output>
          </reporter-output>
        </test-method> <!-- setupData -->
        <test-method status="PASS" signature="createAddress1()[pri:2000, instance:com.comcast.century.newConnect.NewConnectTest@1753b6d]" name="createAddress1" duration-ms="102431" started-at="2016-08-31T23:22:27Z" finished-at="2016-08-31T23:24:09Z">
          <reporter-output>
          </reporter-output>
        </test-method> <!-- createAddress1 -->
        <test-method status="PASS" signature="afterMethod()[pri:0, instance:com.comcast.century.newConnect.NewConnectTest@1753b6d]" name="afterMethod" is-config="true" duration-ms="0" started-at="2016-08-31T23:24:09Z" finished-at="2016-08-31T23:24:09Z">
          <reporter-output>
          </reporter-output>
        </test-method> <!-- afterMethod -->
        <test-method status="PASS" signature="tearDown(org.testng.ITestResult)[pri:0, instance:com.comcast.century.newConnect.NewConnectTest@1753b6d]" name="tearDown" is-config="true" duration-ms="2" started-at="2016-08-31T23:24:09Z" finished-at="2016-08-31T23:24:09Z">
          <params>
            <param index="0">
              <value>
                <![CDATA[[TestResult name=createAddress1 status=SUCCESS method=NewConnectTest.createAddress1()[pri:2000, instance:com.comcast.century.newConnect.NewConnectTest@1753b6d] output={null}]]]>
              </value>
            </param>
          </params>
          <reporter-output>
          </reporter-output>
        </test-method> <!-- tearDown -->
        <test-method status="PASS" signature="selectService()[pri:3500, instance:com.comcast.century.newConnect.NewConnectTest@1753b6d]" name="selectService" duration-ms="16459" started-at="2016-08-31T23:24:09Z" finished-at="2016-08-31T23:24:26Z">
          <reporter-output>
          </reporter-output>
        </test-method> <!-- selectService -->
        <test-method status="PASS" signature="setupData(java.lang.reflect.Method)[pri:0, instance:com.comcast.century.newConnect.NewConnectTest@1753b6d]" name="setupData" is-config="true" duration-ms="0" started-at="2016-08-31T23:24:09Z" finished-at="2016-08-31T23:24:09Z">
          <params>
            <param index="0">
              <value>
                <![CDATA[public void com.comcast.century.newConnect.NewConnectTest.selectService() throws java.lang.InterruptedException]]>
              </value>
            </param>
          </params>
          <reporter-output>
          </reporter-output>
        </test-method> <!-- setupData -->
        <test-method status="PASS" signature="afterMethod()[pri:0, instance:com.comcast.century.newConnect.NewConnectTest@1753b6d]" name="afterMethod" is-config="true" duration-ms="0" started-at="2016-08-31T23:24:26Z" finished-at="2016-08-31T23:24:26Z">
          <reporter-output>
          </reporter-output>
        </test-method> <!-- afterMethod -->
        <test-method status="PASS" signature="tearDown(org.testng.ITestResult)[pri:0, instance:com.comcast.century.newConnect.NewConnectTest@1753b6d]" name="tearDown" is-config="true" duration-ms="1" started-at="2016-08-31T23:24:26Z" finished-at="2016-08-31T23:24:26Z">
          <params>
            <param index="0">
              <value>
                <![CDATA[[TestResult name=selectService status=SUCCESS method=NewConnectTest.selectService()[pri:3500, instance:com.comcast.century.newConnect.NewConnectTest@1753b6d] output={null}]]]>
              </value>
            </param>
          </params>
          <reporter-output>
          </reporter-output>
        </test-method> <!-- tearDown -->
        <test-method status="PASS" signature="setupData(java.lang.reflect.Method)[pri:0, instance:com.comcast.century.newConnect.NewConnectTest@1753b6d]" name="setupData" is-config="true" duration-ms="1" started-at="2016-08-31T23:24:26Z" finished-at="2016-08-31T23:24:26Z">
          <params>
            <param index="0">
              <value>
                <![CDATA[public void com.comcast.century.newConnect.NewConnectTest.configureService() throws java.lang.InterruptedException]]>
              </value>
            </param>
          </params>
          <reporter-output>
          </reporter-output>
        </test-method> <!-- setupData -->
        <test-method status="PASS" signature="configureService()[pri:4000, instance:com.comcast.century.newConnect.NewConnectTest@1753b6d]" name="configureService" duration-ms="12504" started-at="2016-08-31T23:24:26Z" finished-at="2016-08-31T23:24:38Z">
          <reporter-output>
          </reporter-output>
        </test-method> <!-- configureService -->
        <test-method status="PASS" signature="afterMethod()[pri:0, instance:com.comcast.century.newConnect.NewConnectTest@1753b6d]" name="afterMethod" is-config="true" duration-ms="1" started-at="2016-08-31T23:24:38Z" finished-at="2016-08-31T23:24:38Z">
          <reporter-output>
          </reporter-output>
        </test-method> <!-- afterMethod -->
        <test-method status="PASS" signature="tearDown(org.testng.ITestResult)[pri:0, instance:com.comcast.century.newConnect.NewConnectTest@1753b6d]" name="tearDown" is-config="true" duration-ms="1" started-at="2016-08-31T23:24:38Z" finished-at="2016-08-31T23:24:38Z">
          <params>
            <param index="0">
              <value>
                <![CDATA[[TestResult name=configureService status=SUCCESS method=NewConnectTest.configureService()[pri:4000, instance:com.comcast.century.newConnect.NewConnectTest@1753b6d] output={null}]]]>
              </value>
            </param>
          </params>
          <reporter-output>
          </reporter-output>
        </test-method> <!-- tearDown -->
        <test-method status="PASS" signature="setupData(java.lang.reflect.Method)[pri:0, instance:com.comcast.century.newConnect.NewConnectTest@1753b6d]" name="setupData" is-config="true" duration-ms="1" started-at="2016-08-31T23:24:38Z" finished-at="2016-08-31T23:24:38Z">
          <params>
            <param index="0">
              <value>
                <![CDATA[public void com.comcast.century.newConnect.NewConnectTest.processService() throws java.lang.InterruptedException]]>
              </value>
            </param>
          </params>
          <reporter-output>
          </reporter-output>
        </test-method> <!-- setupData -->
        <test-method status="PASS" signature="processService()[pri:4500, instance:com.comcast.century.newConnect.NewConnectTest@1753b6d]" name="processService" duration-ms="69803" started-at="2016-08-31T23:24:38Z" finished-at="2016-08-31T23:25:48Z">
          <reporter-output>
          </reporter-output>
        </test-method> <!-- processService -->
        <test-method status="PASS" signature="afterMethod()[pri:0, instance:com.comcast.century.newConnect.NewConnectTest@1753b6d]" name="afterMethod" is-config="true" duration-ms="1" started-at="2016-08-31T23:25:48Z" finished-at="2016-08-31T23:25:48Z">
          <reporter-output>
          </reporter-output>
        </test-method> <!-- afterMethod -->
        <test-method status="PASS" signature="tearDown(org.testng.ITestResult)[pri:0, instance:com.comcast.century.newConnect.NewConnectTest@1753b6d]" name="tearDown" is-config="true" duration-ms="0" started-at="2016-08-31T23:25:48Z" finished-at="2016-08-31T23:25:48Z">
          <params>
            <param index="0">
              <value>
                <![CDATA[[TestResult name=processService status=SUCCESS method=NewConnectTest.processService()[pri:4500, instance:com.comcast.century.newConnect.NewConnectTest@1753b6d] output={null}]]]>
              </value>
            </param>
          </params>
          <reporter-output>
          </reporter-output>
        </test-method> <!-- tearDown -->
        <test-method status="PASS" signature="setupData(java.lang.reflect.Method)[pri:0, instance:com.comcast.century.newConnect.NewConnectTest@1753b6d]" name="setupData" is-config="true" duration-ms="0" started-at="2016-08-31T23:25:48Z" finished-at="2016-08-31T23:25:48Z">
          <params>
            <param index="0">
              <value>
                <![CDATA[public void com.comcast.century.newConnect.NewConnectTest.submitOrder() throws java.lang.InterruptedException]]>
              </value>
            </param>
          </params>
          <reporter-output>
          </reporter-output>
        </test-method> <!-- setupData -->
        <test-method status="PASS" signature="submitOrder()[pri:5000, instance:com.comcast.century.newConnect.NewConnectTest@1753b6d]" name="submitOrder" duration-ms="241499" started-at="2016-08-31T23:25:48Z" finished-at="2016-08-31T23:29:50Z">
          <reporter-output>
          </reporter-output>
        </test-method> <!-- submitOrder -->
        <test-method status="PASS" signature="tearDown(org.testng.ITestResult)[pri:0, instance:com.comcast.century.newConnect.NewConnectTest@1753b6d]" name="tearDown" is-config="true" duration-ms="1" started-at="2016-08-31T23:29:50Z" finished-at="2016-08-31T23:29:50Z">
          <params>
            <param index="0">
              <value>
                <![CDATA[[TestResult name=submitOrder status=SUCCESS method=NewConnectTest.submitOrder()[pri:5000, instance:com.comcast.century.newConnect.NewConnectTest@1753b6d] output={null}]]]>
              </value>
            </param>
          </params>
          <reporter-output>
          </reporter-output>
        </test-method> <!-- tearDown -->
        <test-method status="PASS" signature="afterMethod()[pri:0, instance:com.comcast.century.newConnect.NewConnectTest@1753b6d]" name="afterMethod" is-config="true" duration-ms="0" started-at="2016-08-31T23:29:50Z" finished-at="2016-08-31T23:29:50Z">
          <reporter-output>
          </reporter-output>
        </test-method> <!-- afterMethod -->
        <test-method status="FAIL" signature="setupData(java.lang.reflect.Method)[pri:0, instance:com.comcast.century.newConnect.NewConnectTest@1753b6d]" name="setupData" is-config="true" duration-ms="0" started-at="2016-08-31T23:29:50Z" finished-at="2016-08-31T23:29:50Z">
          <params>
            <param index="0">
              <value>
                <![CDATA[public void com.comcast.century.newConnect.NewConnectTest.Conduct_Site_Survey_Coax() throws java.lang.InterruptedException]]>
              </value>
            </param>
          </params>
          <exception class="junit.framework.AssertionFailedError">
            <message>
              <![CDATA[Error in Step: applicationLogin
 Descripton: User Login NOT successful, EXCEPTION CAUGHT : Unable to locate element: {"method":"xpath","selector":"//input[@id='username']"}
Command duration or timeout: 2.12 seconds
For documentation on this error, please visit: http://seleniumhq.org/exceptions/no_such_element.html
Build info: version: '2.53.1', revision: 'a36b8b1cd5757287168e54b817830adce9b0158d', time: '2016-06-30 19:26:09'
System info: host: 'PC103463', ip: '10.226.138.196', os.name: 'Windows 7', os.arch: 'x86', os.version: '6.1', java.version: '1.8.0_91'
Driver info: org.openqa.selenium.firefox.FirefoxDriver
Capabilities [{applicationCacheEnabled=true, rotatable=false, handlesAlerts=true, databaseEnabled=true, version=45.0, platform=WINDOWS, nativeEvents=false, acceptSslCerts=true, webStorageEnabled=true, locationContextEnabled=true, browserName=firefox, takesScreenshot=true, javascriptEnabled=true, cssSelectorsEnabled=true}]
Session ID: f7a6d0b2-5bd9-4d28-ae27-86aeb62653f2
*** Element info: {Using=xpath, value=//input[@id='username']}]]>
            </message>
            <full-stacktrace>
              <![CDATA[junit.framework.AssertionFailedError: Error in Step: applicationLogin
 Descripton: User Login NOT successful, EXCEPTION CAUGHT : Unable to locate element: {"method":"xpath","selector":"//input[@id='username']"}
Command duration or timeout: 2.12 seconds
For documentation on this error, please visit: http://seleniumhq.org/exceptions/no_such_element.html
Build info: version: '2.53.1', revision: 'a36b8b1cd5757287168e54b817830adce9b0158d', time: '2016-06-30 19:26:09'
System info: host: 'PC103463', ip: '10.226.138.196', os.name: 'Windows 7', os.arch: 'x86', os.version: '6.1', java.version: '1.8.0_91'
Driver info: org.openqa.selenium.firefox.FirefoxDriver
Capabilities [{applicationCacheEnabled=true, rotatable=false, handlesAlerts=true, databaseEnabled=true, version=45.0, platform=WINDOWS, nativeEvents=false, acceptSslCerts=true, webStorageEnabled=true, locationContextEnabled=true, browserName=firefox, takesScreenshot=true, javascriptEnabled=true, cssSelectorsEnabled=true}]
Session ID: f7a6d0b2-5bd9-4d28-ae27-86aeb62653f2
*** Element info: {Using=xpath, value=//input[@id='username']}
	at junit.framework.Assert.fail(Assert.java:50)
	at com.comcast.utils.SeleniumReport.reportFailEvent(SeleniumReport.java:110)
	at com.comcast.century.cm.pages.LogInPage.applicationLoginCSO(LogInPage.java:276)
	at com.comcast.century.commons.CenturyApplication.openCSOUrl(CenturyApplication.java:59)
	at com.comcast.utils.ComcastTest.beforeMethodGetUserndURL(ComcastTest.java:796)
	at com.comcast.utils.ComcastTest.setupData(ComcastTest.java:355)
	at sun.reflect.GeneratedMethodAccessor12.invoke(Unknown Source)
	at sun.reflect.DelegatingMethodAccessorImpl.invoke(DelegatingMethodAccessorImpl.java:43)
	at java.lang.reflect.Method.invoke(Method.java:498)
	at org.testng.internal.MethodInvocationHelper.invokeMethod(MethodInvocationHelper.java:85)
	at org.testng.internal.Invoker.invokeConfigurationMethod(Invoker.java:510)
	at org.testng.internal.Invoker.invokeConfigurations(Invoker.java:211)
	at org.testng.internal.Invoker.invokeMethod(Invoker.java:585)
	at org.testng.internal.Invoker.invokeTestMethod(Invoker.java:816)
	at org.testng.internal.Invoker.invokeTestMethods(Invoker.java:1124)
	at org.testng.internal.TestMethodWorker.invokeTestMethods(TestMethodWorker.java:125)
	at org.testng.internal.TestMethodWorker.run(TestMethodWorker.java:108)
	at org.testng.TestRunner.privateRun(TestRunner.java:774)
	at org.testng.TestRunner.run(TestRunner.java:624)
	at org.testng.SuiteRunner.runTest(SuiteRunner.java:359)
	at org.testng.SuiteRunner.access$000(SuiteRunner.java:39)
	at org.testng.SuiteRunner$SuiteWorker.run(SuiteRunner.java:393)
	at org.testng.internal.thread.ThreadUtil$2.call(ThreadUtil.java:64)
	at java.util.concurrent.FutureTask.run(FutureTask.java:266)
	at java.util.concurrent.ThreadPoolExecutor.runWorker(ThreadPoolExecutor.java:1142)
	at java.util.concurrent.ThreadPoolExecutor$Worker.run(ThreadPoolExecutor.java:617)
	at java.lang.Thread.run(Thread.java:745)
]]>
            </full-stacktrace>
          </exception> <!-- junit.framework.AssertionFailedError -->
          <reporter-output>
          </reporter-output>
        </test-method> <!-- setupData -->
        <test-method status="SKIP" signature="Conduct_Site_Survey_Coax()[pri:9500, instance:com.comcast.century.newConnect.NewConnectTest@1753b6d]" name="Conduct_Site_Survey_Coax" duration-ms="0" started-at="2016-08-31T23:32:20Z" finished-at="2016-08-31T23:32:20Z">
          <reporter-output>
          </reporter-output>
        </test-method> <!-- Conduct_Site_Survey_Coax -->
        <test-method status="SKIP" signature="tearDown(org.testng.ITestResult)[pri:0, instance:com.comcast.century.newConnect.NewConnectTest@1753b6d]" name="tearDown" is-config="true" duration-ms="0" started-at="2016-08-31T23:32:20Z" finished-at="2016-08-31T23:32:20Z">
          <reporter-output>
          </reporter-output>
        </test-method> <!-- tearDown -->
        <test-method status="SKIP" signature="afterMethod()[pri:0, instance:com.comcast.century.newConnect.NewConnectTest@1753b6d]" name="afterMethod" is-config="true" duration-ms="0" started-at="2016-08-31T23:32:20Z" finished-at="2016-08-31T23:32:20Z">
          <reporter-output>
          </reporter-output>
        </test-method> <!-- afterMethod -->
        <test-method status="SKIP" signature="Obtain_Site_Agreement_Coax()[pri:10000, instance:com.comcast.century.newConnect.NewConnectTest@1753b6d]" name="Obtain_Site_Agreement_Coax" duration-ms="0" started-at="2016-08-31T23:32:20Z" finished-at="2016-08-31T23:32:20Z">
          <reporter-output>
          </reporter-output>
        </test-method> <!-- Obtain_Site_Agreement_Coax -->
        <test-method status="SKIP" signature="setupData(java.lang.reflect.Method)[pri:0, instance:com.comcast.century.newConnect.NewConnectTest@1753b6d]" name="setupData" is-config="true" duration-ms="0" started-at="2016-08-31T23:32:20Z" finished-at="2016-08-31T23:32:20Z">
          <reporter-output>
          </reporter-output>
        </test-method> <!-- setupData -->
        <test-method status="SKIP" signature="afterMethod()[pri:0, instance:com.comcast.century.newConnect.NewConnectTest@1753b6d]" name="afterMethod" is-config="true" duration-ms="0" started-at="2016-08-31T23:32:20Z" finished-at="2016-08-31T23:32:20Z">
          <reporter-output>
          </reporter-output>
        </test-method> <!-- afterMethod -->
        <test-method status="SKIP" signature="tearDown(org.testng.ITestResult)[pri:0, instance:com.comcast.century.newConnect.NewConnectTest@1753b6d]" name="tearDown" is-config="true" duration-ms="0" started-at="2016-08-31T23:32:20Z" finished-at="2016-08-31T23:32:20Z">
          <reporter-output>
          </reporter-output>
        </test-method> <!-- tearDown -->
        <test-method status="SKIP" signature="Conduct_Coax_Survey()[pri:10500, instance:com.comcast.century.newConnect.NewConnectTest@1753b6d]" name="Conduct_Coax_Survey" duration-ms="0" started-at="2016-08-31T23:32:20Z" finished-at="2016-08-31T23:32:20Z">
          <reporter-output>
          </reporter-output>
        </test-method> <!-- Conduct_Coax_Survey -->
        <test-method status="SKIP" signature="setupData(java.lang.reflect.Method)[pri:0, instance:com.comcast.century.newConnect.NewConnectTest@1753b6d]" name="setupData" is-config="true" duration-ms="0" started-at="2016-08-31T23:32:20Z" finished-at="2016-08-31T23:32:20Z">
          <reporter-output>
          </reporter-output>
        </test-method> <!-- setupData -->
        <test-method status="SKIP" signature="afterMethod()[pri:0, instance:com.comcast.century.newConnect.NewConnectTest@1753b6d]" name="afterMethod" is-config="true" duration-ms="0" started-at="2016-08-31T23:32:20Z" finished-at="2016-08-31T23:32:20Z">
          <reporter-output>
          </reporter-output>
        </test-method> <!-- afterMethod -->
        <test-method status="SKIP" signature="tearDown(org.testng.ITestResult)[pri:0, instance:com.comcast.century.newConnect.NewConnectTest@1753b6d]" name="tearDown" is-config="true" duration-ms="0" started-at="2016-08-31T23:32:20Z" finished-at="2016-08-31T23:32:20Z">
          <reporter-output>
          </reporter-output>
        </test-method> <!-- tearDown -->
        <test-method status="SKIP" signature="Build_House_Account_Coax()[pri:11000, instance:com.comcast.century.newConnect.NewConnectTest@1753b6d]" name="Build_House_Account_Coax" duration-ms="0" started-at="2016-08-31T23:32:20Z" finished-at="2016-08-31T23:32:20Z">
          <reporter-output>
          </reporter-output>
        </test-method> <!-- Build_House_Account_Coax -->
        <test-method status="SKIP" signature="setupData(java.lang.reflect.Method)[pri:0, instance:com.comcast.century.newConnect.NewConnectTest@1753b6d]" name="setupData" is-config="true" duration-ms="0" started-at="2016-08-31T23:32:20Z" finished-at="2016-08-31T23:32:20Z">
          <reporter-output>
          </reporter-output>
        </test-method> <!-- setupData -->
        <test-method status="SKIP" signature="tearDown(org.testng.ITestResult)[pri:0, instance:com.comcast.century.newConnect.NewConnectTest@1753b6d]" name="tearDown" is-config="true" duration-ms="0" started-at="2016-08-31T23:32:20Z" finished-at="2016-08-31T23:32:20Z">
          <reporter-output>
          </reporter-output>
        </test-method> <!-- tearDown -->
        <test-method status="SKIP" signature="afterMethod()[pri:0, instance:com.comcast.century.newConnect.NewConnectTest@1753b6d]" name="afterMethod" is-config="true" duration-ms="0" started-at="2016-08-31T23:32:20Z" finished-at="2016-08-31T23:32:20Z">
          <reporter-output>
          </reporter-output>
        </test-method> <!-- afterMethod -->
        <test-method status="SKIP" signature="Obtain_Coax_Permit()[pri:11500, instance:com.comcast.century.newConnect.NewConnectTest@1753b6d]" name="Obtain_Coax_Permit" duration-ms="0" started-at="2016-08-31T23:32:20Z" finished-at="2016-08-31T23:32:20Z">
          <reporter-output>
          </reporter-output>
        </test-method> <!-- Obtain_Coax_Permit -->
        <test-method status="SKIP" signature="afterMethod()[pri:0, instance:com.comcast.century.newConnect.NewConnectTest@1753b6d]" name="afterMethod" is-config="true" duration-ms="0" started-at="2016-08-31T23:32:20Z" finished-at="2016-08-31T23:32:20Z">
          <reporter-output>
          </reporter-output>
        </test-method> <!-- afterMethod -->
        <test-method status="SKIP" signature="setupData(java.lang.reflect.Method)[pri:0, instance:com.comcast.century.newConnect.NewConnectTest@1753b6d]" name="setupData" is-config="true" duration-ms="0" started-at="2016-08-31T23:32:20Z" finished-at="2016-08-31T23:32:20Z">
          <reporter-output>
          </reporter-output>
        </test-method> <!-- setupData -->
        <test-method status="SKIP" signature="tearDown(org.testng.ITestResult)[pri:0, instance:com.comcast.century.newConnect.NewConnectTest@1753b6d]" name="tearDown" is-config="true" duration-ms="0" started-at="2016-08-31T23:32:20Z" finished-at="2016-08-31T23:32:20Z">
          <reporter-output>
          </reporter-output>
        </test-method> <!-- tearDown -->
        <test-method status="SKIP" signature="setupData(java.lang.reflect.Method)[pri:0, instance:com.comcast.century.newConnect.NewConnectTest@1753b6d]" name="setupData" is-config="true" duration-ms="0" started-at="2016-08-31T23:32:20Z" finished-at="2016-08-31T23:32:20Z">
          <reporter-output>
          </reporter-output>
        </test-method> <!-- setupData -->
        <test-method status="SKIP" signature="Complete_Site_Build_Coax()[pri:12000, instance:com.comcast.century.newConnect.NewConnectTest@1753b6d]" name="Complete_Site_Build_Coax" duration-ms="0" started-at="2016-08-31T23:32:20Z" finished-at="2016-08-31T23:32:20Z">
          <reporter-output>
          </reporter-output>
        </test-method> <!-- Complete_Site_Build_Coax -->
        <test-method status="SKIP" signature="afterMethod()[pri:0, instance:com.comcast.century.newConnect.NewConnectTest@1753b6d]" name="afterMethod" is-config="true" duration-ms="0" started-at="2016-08-31T23:32:20Z" finished-at="2016-08-31T23:32:20Z">
          <reporter-output>
          </reporter-output>
        </test-method> <!-- afterMethod -->
        <test-method status="SKIP" signature="tearDown(org.testng.ITestResult)[pri:0, instance:com.comcast.century.newConnect.NewConnectTest@1753b6d]" name="tearDown" is-config="true" duration-ms="0" started-at="2016-08-31T23:32:20Z" finished-at="2016-08-31T23:32:20Z">
          <reporter-output>
          </reporter-output>
        </test-method> <!-- tearDown -->
        <test-method status="SKIP" signature="Complete_Coax_Build()[pri:12500, instance:com.comcast.century.newConnect.NewConnectTest@1753b6d]" name="Complete_Coax_Build" duration-ms="1" started-at="2016-08-31T23:32:20Z" finished-at="2016-08-31T23:32:20Z">
          <reporter-output>
          </reporter-output>
        </test-method> <!-- Complete_Coax_Build -->
        <test-method status="SKIP" signature="setupData(java.lang.reflect.Method)[pri:0, instance:com.comcast.century.newConnect.NewConnectTest@1753b6d]" name="setupData" is-config="true" duration-ms="0" started-at="2016-08-31T23:32:20Z" finished-at="2016-08-31T23:32:20Z">
          <reporter-output>
          </reporter-output>
        </test-method> <!-- setupData -->
        <test-method status="SKIP" signature="afterMethod()[pri:0, instance:com.comcast.century.newConnect.NewConnectTest@1753b6d]" name="afterMethod" is-config="true" duration-ms="0" started-at="2016-08-31T23:32:20Z" finished-at="2016-08-31T23:32:20Z">
          <reporter-output>
          </reporter-output>
        </test-method> <!-- afterMethod -->
        <test-method status="SKIP" signature="tearDown(org.testng.ITestResult)[pri:0, instance:com.comcast.century.newConnect.NewConnectTest@1753b6d]" name="tearDown" is-config="true" duration-ms="0" started-at="2016-08-31T23:32:20Z" finished-at="2016-08-31T23:32:20Z">
          <reporter-output>
          </reporter-output>
        </test-method> <!-- tearDown -->
        <test-method status="SKIP" signature="Contact_Customer()[pri:13000, instance:com.comcast.century.newConnect.NewConnectTest@1753b6d]" name="Contact_Customer" duration-ms="0" started-at="2016-08-31T23:32:20Z" finished-at="2016-08-31T23:32:20Z">
          <reporter-output>
          </reporter-output>
        </test-method> <!-- Contact_Customer -->
        <test-method status="SKIP" signature="setupData(java.lang.reflect.Method)[pri:0, instance:com.comcast.century.newConnect.NewConnectTest@1753b6d]" name="setupData" is-config="true" duration-ms="0" started-at="2016-08-31T23:32:20Z" finished-at="2016-08-31T23:32:20Z">
          <reporter-output>
          </reporter-output>
        </test-method> <!-- setupData -->
        <test-method status="SKIP" signature="tearDown(org.testng.ITestResult)[pri:0, instance:com.comcast.century.newConnect.NewConnectTest@1753b6d]" name="tearDown" is-config="true" duration-ms="0" started-at="2016-08-31T23:32:20Z" finished-at="2016-08-31T23:32:20Z">
          <reporter-output>
          </reporter-output>
        </test-method> <!-- tearDown -->
        <test-method status="SKIP" signature="afterMethod()[pri:0, instance:com.comcast.century.newConnect.NewConnectTest@1753b6d]" name="afterMethod" is-config="true" duration-ms="0" started-at="2016-08-31T23:32:20Z" finished-at="2016-08-31T23:32:20Z">
          <reporter-output>
          </reporter-output>
        </test-method> <!-- afterMethod -->
        <test-method status="SKIP" signature="setupData(java.lang.reflect.Method)[pri:0, instance:com.comcast.century.newConnect.NewConnectTest@1753b6d]" name="setupData" is-config="true" duration-ms="0" started-at="2016-08-31T23:32:20Z" finished-at="2016-08-31T23:32:20Z">
          <reporter-output>
          </reporter-output>
        </test-method> <!-- setupData -->
        <test-method status="SKIP" signature="Update_Design()[pri:13500, instance:com.comcast.century.newConnect.NewConnectTest@1753b6d]" name="Update_Design" duration-ms="0" started-at="2016-08-31T23:32:20Z" finished-at="2016-08-31T23:32:20Z">
          <reporter-output>
          </reporter-output>
        </test-method> <!-- Update_Design -->
        <test-method status="SKIP" signature="afterMethod()[pri:0, instance:com.comcast.century.newConnect.NewConnectTest@1753b6d]" name="afterMethod" is-config="true" duration-ms="0" started-at="2016-08-31T23:32:20Z" finished-at="2016-08-31T23:32:20Z">
          <reporter-output>
          </reporter-output>
        </test-method> <!-- afterMethod -->
        <test-method status="SKIP" signature="tearDown(org.testng.ITestResult)[pri:0, instance:com.comcast.century.newConnect.NewConnectTest@1753b6d]" name="tearDown" is-config="true" duration-ms="0" started-at="2016-08-31T23:32:20Z" finished-at="2016-08-31T23:32:20Z">
          <reporter-output>
          </reporter-output>
        </test-method> <!-- tearDown -->
        <test-method status="SKIP" signature="setupData(java.lang.reflect.Method)[pri:0, instance:com.comcast.century.newConnect.NewConnectTest@1753b6d]" name="setupData" is-config="true" duration-ms="0" started-at="2016-08-31T23:32:20Z" finished-at="2016-08-31T23:32:20Z">
          <reporter-output>
          </reporter-output>
        </test-method> <!-- setupData -->
        <test-method status="SKIP" signature="Build_Update_Local_Biller_Account()[pri:14000, instance:com.comcast.century.newConnect.NewConnectTest@1753b6d]" name="Build_Update_Local_Biller_Account" duration-ms="0" started-at="2016-08-31T23:32:20Z" finished-at="2016-08-31T23:32:20Z">
          <reporter-output>
          </reporter-output>
        </test-method> <!-- Build_Update_Local_Biller_Account -->
        <test-method status="SKIP" signature="afterMethod()[pri:0, instance:com.comcast.century.newConnect.NewConnectTest@1753b6d]" name="afterMethod" is-config="true" duration-ms="0" started-at="2016-08-31T23:32:20Z" finished-at="2016-08-31T23:32:20Z">
          <reporter-output>
          </reporter-output>
        </test-method> <!-- afterMethod -->
        <test-method status="SKIP" signature="tearDown(org.testng.ITestResult)[pri:0, instance:com.comcast.century.newConnect.NewConnectTest@1753b6d]" name="tearDown" is-config="true" duration-ms="0" started-at="2016-08-31T23:32:20Z" finished-at="2016-08-31T23:32:20Z">
          <reporter-output>
          </reporter-output>
        </test-method> <!-- tearDown -->
        <test-method status="SKIP" signature="setupData(java.lang.reflect.Method)[pri:0, instance:com.comcast.century.newConnect.NewConnectTest@1753b6d]" name="setupData" is-config="true" duration-ms="0" started-at="2016-08-31T23:32:20Z" finished-at="2016-08-31T23:32:20Z">
          <reporter-output>
          </reporter-output>
        </test-method> <!-- setupData -->
        <test-method status="SKIP" signature="Ship_CPE()[pri:14500, instance:com.comcast.century.newConnect.NewConnectTest@1753b6d]" name="Ship_CPE" duration-ms="0" started-at="2016-08-31T23:32:20Z" finished-at="2016-08-31T23:32:20Z">
          <reporter-output>
          </reporter-output>
        </test-method> <!-- Ship_CPE -->
        <test-method status="SKIP" signature="afterMethod()[pri:0, instance:com.comcast.century.newConnect.NewConnectTest@1753b6d]" name="afterMethod" is-config="true" duration-ms="0" started-at="2016-08-31T23:32:20Z" finished-at="2016-08-31T23:32:20Z">
          <reporter-output>
          </reporter-output>
        </test-method> <!-- afterMethod -->
        <test-method status="SKIP" signature="tearDown(org.testng.ITestResult)[pri:0, instance:com.comcast.century.newConnect.NewConnectTest@1753b6d]" name="tearDown" is-config="true" duration-ms="0" started-at="2016-08-31T23:32:20Z" finished-at="2016-08-31T23:32:20Z">
          <reporter-output>
          </reporter-output>
        </test-method> <!-- tearDown -->
        <test-method status="SKIP" signature="Create_Account_and_Equipment()[pri:15000, instance:com.comcast.century.newConnect.NewConnectTest@1753b6d]" name="Create_Account_and_Equipment" duration-ms="0" started-at="2016-08-31T23:32:20Z" finished-at="2016-08-31T23:32:20Z">
          <reporter-output>
          </reporter-output>
        </test-method> <!-- Create_Account_and_Equipment -->
        <test-method status="SKIP" signature="setupData(java.lang.reflect.Method)[pri:0, instance:com.comcast.century.newConnect.NewConnectTest@1753b6d]" name="setupData" is-config="true" duration-ms="0" started-at="2016-08-31T23:32:20Z" finished-at="2016-08-31T23:32:20Z">
          <reporter-output>
          </reporter-output>
        </test-method> <!-- setupData -->
        <test-method status="SKIP" signature="afterMethod()[pri:0, instance:com.comcast.century.newConnect.NewConnectTest@1753b6d]" name="afterMethod" is-config="true" duration-ms="0" started-at="2016-08-31T23:32:20Z" finished-at="2016-08-31T23:32:20Z">
          <reporter-output>
          </reporter-output>
        </test-method> <!-- afterMethod -->
        <test-method status="SKIP" signature="setupData(java.lang.reflect.Method)[pri:0, instance:com.comcast.century.newConnect.NewConnectTest@1753b6d]" name="setupData" is-config="true" duration-ms="0" started-at="2016-08-31T23:32:20Z" finished-at="2016-08-31T23:32:20Z">
          <reporter-output>
          </reporter-output>
        </test-method> <!-- setupData -->
        <test-method status="SKIP" signature="tearDown(org.testng.ITestResult)[pri:0, instance:com.comcast.century.newConnect.NewConnectTest@1753b6d]" name="tearDown" is-config="true" duration-ms="0" started-at="2016-08-31T23:32:20Z" finished-at="2016-08-31T23:32:20Z">
          <reporter-output>
          </reporter-output>
        </test-method> <!-- tearDown -->
        <test-method status="SKIP" signature="Assign_Design_Info()[pri:15500, instance:com.comcast.century.newConnect.NewConnectTest@1753b6d]" name="Assign_Design_Info" duration-ms="1" started-at="2016-08-31T23:32:20Z" finished-at="2016-08-31T23:32:20Z">
          <reporter-output>
          </reporter-output>
        </test-method> <!-- Assign_Design_Info -->
        <test-method status="SKIP" signature="Generate_Core_Config()[pri:16000, instance:com.comcast.century.newConnect.NewConnectTest@1753b6d]" name="Generate_Core_Config" duration-ms="0" started-at="2016-08-31T23:32:20Z" finished-at="2016-08-31T23:32:20Z">
          <reporter-output>
          </reporter-output>
        </test-method> <!-- Generate_Core_Config -->
        <test-method status="SKIP" signature="tearDown(org.testng.ITestResult)[pri:0, instance:com.comcast.century.newConnect.NewConnectTest@1753b6d]" name="tearDown" is-config="true" duration-ms="0" started-at="2016-08-31T23:32:20Z" finished-at="2016-08-31T23:32:20Z">
          <reporter-output>
          </reporter-output>
        </test-method> <!-- tearDown -->
        <test-method status="SKIP" signature="tearDown(org.testng.ITestResult)[pri:0, instance:com.comcast.century.newConnect.NewConnectTest@1753b6d]" name="tearDown" is-config="true" duration-ms="0" started-at="2016-08-31T23:32:20Z" finished-at="2016-08-31T23:32:20Z">
          <reporter-output>
          </reporter-output>
        </test-method> <!-- tearDown -->
        <test-method status="SKIP" signature="afterMethod()[pri:0, instance:com.comcast.century.newConnect.NewConnectTest@1753b6d]" name="afterMethod" is-config="true" duration-ms="0" started-at="2016-08-31T23:32:20Z" finished-at="2016-08-31T23:32:20Z">
          <reporter-output>
          </reporter-output>
        </test-method> <!-- afterMethod -->
        <test-method status="SKIP" signature="setupData(java.lang.reflect.Method)[pri:0, instance:com.comcast.century.newConnect.NewConnectTest@1753b6d]" name="setupData" is-config="true" duration-ms="0" started-at="2016-08-31T23:32:20Z" finished-at="2016-08-31T23:32:20Z">
          <reporter-output>
          </reporter-output>
        </test-method> <!-- setupData -->
        <test-method status="SKIP" signature="afterMethod()[pri:0, instance:com.comcast.century.newConnect.NewConnectTest@1753b6d]" name="afterMethod" is-config="true" duration-ms="0" started-at="2016-08-31T23:32:20Z" finished-at="2016-08-31T23:32:20Z">
          <reporter-output>
          </reporter-output>
        </test-method> <!-- afterMethod -->
        <test-method status="SKIP" signature="setupData(java.lang.reflect.Method)[pri:0, instance:com.comcast.century.newConnect.NewConnectTest@1753b6d]" name="setupData" is-config="true" duration-ms="0" started-at="2016-08-31T23:32:20Z" finished-at="2016-08-31T23:32:20Z">
          <reporter-output>
          </reporter-output>
        </test-method> <!-- setupData -->
        <test-method status="SKIP" signature="Generate_CPE_Config()[pri:16500, instance:com.comcast.century.newConnect.NewConnectTest@1753b6d]" name="Generate_CPE_Config" duration-ms="0" started-at="2016-08-31T23:32:20Z" finished-at="2016-08-31T23:32:20Z">
          <reporter-output>
          </reporter-output>
        </test-method> <!-- Generate_CPE_Config -->
        <test-method status="SKIP" signature="setupData(java.lang.reflect.Method)[pri:0, instance:com.comcast.century.newConnect.NewConnectTest@1753b6d]" name="setupData" is-config="true" duration-ms="0" started-at="2016-08-31T23:32:20Z" finished-at="2016-08-31T23:32:20Z">
          <reporter-output>
          </reporter-output>
        </test-method> <!-- setupData -->
        <test-method status="SKIP" signature="Load_Core_Config()[pri:17000, instance:com.comcast.century.newConnect.NewConnectTest@1753b6d]" name="Load_Core_Config" duration-ms="0" started-at="2016-08-31T23:32:20Z" finished-at="2016-08-31T23:32:20Z">
          <reporter-output>
          </reporter-output>
        </test-method> <!-- Load_Core_Config -->
        <test-method status="SKIP" signature="afterMethod()[pri:0, instance:com.comcast.century.newConnect.NewConnectTest@1753b6d]" name="afterMethod" is-config="true" duration-ms="0" started-at="2016-08-31T23:32:20Z" finished-at="2016-08-31T23:32:20Z">
          <reporter-output>
          </reporter-output>
        </test-method> <!-- afterMethod -->
        <test-method status="SKIP" signature="afterMethod()[pri:0, instance:com.comcast.century.newConnect.NewConnectTest@1753b6d]" name="afterMethod" is-config="true" duration-ms="0" started-at="2016-08-31T23:32:20Z" finished-at="2016-08-31T23:32:20Z">
          <reporter-output>
          </reporter-output>
        </test-method> <!-- afterMethod -->
        <test-method status="SKIP" signature="tearDown(org.testng.ITestResult)[pri:0, instance:com.comcast.century.newConnect.NewConnectTest@1753b6d]" name="tearDown" is-config="true" duration-ms="0" started-at="2016-08-31T23:32:20Z" finished-at="2016-08-31T23:32:20Z">
          <reporter-output>
          </reporter-output>
        </test-method> <!-- tearDown -->
        <test-method status="SKIP" signature="setupData(java.lang.reflect.Method)[pri:0, instance:com.comcast.century.newConnect.NewConnectTest@1753b6d]" name="setupData" is-config="true" duration-ms="0" started-at="2016-08-31T23:32:20Z" finished-at="2016-08-31T23:32:20Z">
          <reporter-output>
          </reporter-output>
        </test-method> <!-- setupData -->
        <test-method status="SKIP" signature="Set_Critical_Dates()[pri:18500, instance:com.comcast.century.newConnect.NewConnectTest@1753b6d]" name="Set_Critical_Dates" duration-ms="1" started-at="2016-08-31T23:32:20Z" finished-at="2016-08-31T23:32:20Z">
          <reporter-output>
          </reporter-output>
        </test-method> <!-- Set_Critical_Dates -->
        <test-method status="SKIP" signature="setupData(java.lang.reflect.Method)[pri:0, instance:com.comcast.century.newConnect.NewConnectTest@1753b6d]" name="setupData" is-config="true" duration-ms="0" started-at="2016-08-31T23:32:20Z" finished-at="2016-08-31T23:32:20Z">
          <reporter-output>
          </reporter-output>
        </test-method> <!-- setupData -->
        <test-method status="SKIP" signature="afterMethod()[pri:0, instance:com.comcast.century.newConnect.NewConnectTest@1753b6d]" name="afterMethod" is-config="true" duration-ms="0" started-at="2016-08-31T23:32:20Z" finished-at="2016-08-31T23:32:20Z">
          <reporter-output>
          </reporter-output>
        </test-method> <!-- afterMethod -->
        <test-method status="SKIP" signature="Install_CPE_Coax()[pri:18000, instance:com.comcast.century.newConnect.NewConnectTest@1753b6d]" name="Install_CPE_Coax" duration-ms="0" started-at="2016-08-31T23:32:20Z" finished-at="2016-08-31T23:32:20Z">
          <reporter-output>
          </reporter-output>
        </test-method> <!-- Install_CPE_Coax -->
        <test-method status="SKIP" signature="tearDown(org.testng.ITestResult)[pri:0, instance:com.comcast.century.newConnect.NewConnectTest@1753b6d]" name="tearDown" is-config="true" duration-ms="0" started-at="2016-08-31T23:32:20Z" finished-at="2016-08-31T23:32:20Z">
          <reporter-output>
          </reporter-output>
        </test-method> <!-- tearDown -->
        <test-method status="SKIP" signature="tearDown(org.testng.ITestResult)[pri:0, instance:com.comcast.century.newConnect.NewConnectTest@1753b6d]" name="tearDown" is-config="true" duration-ms="0" started-at="2016-08-31T23:32:20Z" finished-at="2016-08-31T23:32:20Z">
          <reporter-output>
          </reporter-output>
        </test-method> <!-- tearDown -->
        <test-method status="SKIP" signature="afterMethod()[pri:0, instance:com.comcast.century.newConnect.NewConnectTest@1753b6d]" name="afterMethod" is-config="true" duration-ms="0" started-at="2016-08-31T23:32:20Z" finished-at="2016-08-31T23:32:20Z">
          <reporter-output>
          </reporter-output>
        </test-method> <!-- afterMethod -->
        <test-method status="SKIP" signature="Day_of_Configs()[pri:19000, instance:com.comcast.century.newConnect.NewConnectTest@1753b6d]" name="Day_of_Configs" duration-ms="0" started-at="2016-08-31T23:32:20Z" finished-at="2016-08-31T23:32:20Z">
          <reporter-output>
          </reporter-output>
        </test-method> <!-- Day_of_Configs -->
        <test-method status="SKIP" signature="setupData(java.lang.reflect.Method)[pri:0, instance:com.comcast.century.newConnect.NewConnectTest@1753b6d]" name="setupData" is-config="true" duration-ms="0" started-at="2016-08-31T23:32:20Z" finished-at="2016-08-31T23:32:20Z">
          <reporter-output>
          </reporter-output>
        </test-method> <!-- setupData -->
        <test-method status="SKIP" signature="tearDown(org.testng.ITestResult)[pri:0, instance:com.comcast.century.newConnect.NewConnectTest@1753b6d]" name="tearDown" is-config="true" duration-ms="0" started-at="2016-08-31T23:32:20Z" finished-at="2016-08-31T23:32:20Z">
          <reporter-output>
          </reporter-output>
        </test-method> <!-- tearDown -->
        <test-method status="SKIP" signature="afterMethod()[pri:0, instance:com.comcast.century.newConnect.NewConnectTest@1753b6d]" name="afterMethod" is-config="true" duration-ms="0" started-at="2016-08-31T23:32:20Z" finished-at="2016-08-31T23:32:20Z">
          <reporter-output>
          </reporter-output>
        </test-method> <!-- afterMethod -->
        <test-method status="SKIP" signature="tearDown(org.testng.ITestResult)[pri:0, instance:com.comcast.century.newConnect.NewConnectTest@1753b6d]" name="tearDown" is-config="true" duration-ms="0" started-at="2016-08-31T23:32:20Z" finished-at="2016-08-31T23:32:20Z">
          <reporter-output>
          </reporter-output>
        </test-method> <!-- tearDown -->
        <test-method status="SKIP" signature="afterMethod()[pri:0, instance:com.comcast.century.newConnect.NewConnectTest@1753b6d]" name="afterMethod" is-config="true" duration-ms="0" started-at="2016-08-31T23:32:20Z" finished-at="2016-08-31T23:32:20Z">
          <reporter-output>
          </reporter-output>
        </test-method> <!-- afterMethod -->
        <test-method status="SKIP" signature="setupData(java.lang.reflect.Method)[pri:0, instance:com.comcast.century.newConnect.NewConnectTest@1753b6d]" name="setupData" is-config="true" duration-ms="0" started-at="2016-08-31T23:32:20Z" finished-at="2016-08-31T23:32:20Z">
          <reporter-output>
          </reporter-output>
        </test-method> <!-- setupData -->
        <test-method status="SKIP" signature="tearDown(org.testng.ITestResult)[pri:0, instance:com.comcast.century.newConnect.NewConnectTest@1753b6d]" name="tearDown" is-config="true" duration-ms="0" started-at="2016-08-31T23:32:20Z" finished-at="2016-08-31T23:32:20Z">
          <reporter-output>
          </reporter-output>
        </test-method> <!-- tearDown -->
        <test-method status="SKIP" signature="setupData(java.lang.reflect.Method)[pri:0, instance:com.comcast.century.newConnect.NewConnectTest@1753b6d]" name="setupData" is-config="true" duration-ms="0" started-at="2016-08-31T23:32:20Z" finished-at="2016-08-31T23:32:20Z">
          <reporter-output>
          </reporter-output>
        </test-method> <!-- setupData -->
        <test-method status="SKIP" signature="Activate_Service()[pri:19500, instance:com.comcast.century.newConnect.NewConnectTest@1753b6d]" name="Activate_Service" duration-ms="0" started-at="2016-08-31T23:32:20Z" finished-at="2016-08-31T23:32:20Z">
          <reporter-output>
          </reporter-output>
        </test-method> <!-- Activate_Service -->
        <test-method status="SKIP" signature="afterMethod()[pri:0, instance:com.comcast.century.newConnect.NewConnectTest@1753b6d]" name="afterMethod" is-config="true" duration-ms="0" started-at="2016-08-31T23:32:20Z" finished-at="2016-08-31T23:32:20Z">
          <reporter-output>
          </reporter-output>
        </test-method> <!-- afterMethod -->
        <test-method status="SKIP" signature="Notify_Customer_of_Service_Installation()[pri:20000, instance:com.comcast.century.newConnect.NewConnectTest@1753b6d]" name="Notify_Customer_of_Service_Installation" duration-ms="0" started-at="2016-08-31T23:32:20Z" finished-at="2016-08-31T23:32:20Z">
          <reporter-output>
          </reporter-output>
        </test-method> <!-- Notify_Customer_of_Service_Installation -->
        <test-method status="SKIP" signature="afterMethod()[pri:0, instance:com.comcast.century.newConnect.NewConnectTest@1753b6d]" name="afterMethod" is-config="true" duration-ms="0" started-at="2016-08-31T23:32:20Z" finished-at="2016-08-31T23:32:20Z">
          <reporter-output>
          </reporter-output>
        </test-method> <!-- afterMethod -->
        <test-method status="SKIP" signature="tearDown(org.testng.ITestResult)[pri:0, instance:com.comcast.century.newConnect.NewConnectTest@1753b6d]" name="tearDown" is-config="true" duration-ms="0" started-at="2016-08-31T23:32:20Z" finished-at="2016-08-31T23:32:20Z">
          <reporter-output>
          </reporter-output>
        </test-method> <!-- tearDown -->
        <test-method status="SKIP" signature="tearDown(org.testng.ITestResult)[pri:0, instance:com.comcast.century.newConnect.NewConnectTest@1753b6d]" name="tearDown" is-config="true" duration-ms="0" started-at="2016-08-31T23:32:20Z" finished-at="2016-08-31T23:32:20Z">
          <reporter-output>
          </reporter-output>
        </test-method> <!-- tearDown -->
        <test-method status="SKIP" signature="setupData(java.lang.reflect.Method)[pri:0, instance:com.comcast.century.newConnect.NewConnectTest@1753b6d]" name="setupData" is-config="true" duration-ms="0" started-at="2016-08-31T23:32:20Z" finished-at="2016-08-31T23:32:20Z">
          <reporter-output>
          </reporter-output>
        </test-method> <!-- setupData -->
        <test-method status="SKIP" signature="Complete_Customer_Acceptance_Testing(java.lang.reflect.Method)[pri:20500, instance:com.comcast.century.newConnect.NewConnectTest@1753b6d]" name="Complete_Customer_Acceptance_Testing" duration-ms="0" started-at="2016-08-31T23:32:20Z" finished-at="2016-08-31T23:32:20Z">
          <params>
            <param index="0">
              <value>
                <![CDATA[public void com.comcast.century.newConnect.NewConnectTest.Complete_Customer_Acceptance_Testing(java.lang.reflect.Method) throws java.lang.InterruptedException]]>
              </value>
            </param>
          </params>
          <reporter-output>
          </reporter-output>
        </test-method> <!-- Complete_Customer_Acceptance_Testing -->
        <test-method status="SKIP" signature="setupData(java.lang.reflect.Method)[pri:0, instance:com.comcast.century.newConnect.NewConnectTest@1753b6d]" name="setupData" is-config="true" duration-ms="0" started-at="2016-08-31T23:32:20Z" finished-at="2016-08-31T23:32:20Z">
[...]
          <params>
            <param index="0">
              <value>
                <![CDATA[[TestResult name=Complete_Site_Build status=FAILURE method=NewConnectTest.Complete_Site_Build()[pri:8000, instance:com.comcast.century.newConnect.NewConnectTest@bca1e0] output={null}]]]>
              </value>
            </param>
          </params>
          <exception class="org.testng.SkipException">
            <message>
              <![CDATA[Test method: Complete_Site_Build failed. Quitting the test as other methods depend on it]]>
            </message>
            <full-stacktrace>
              <![CDATA[org.testng.SkipException: Test method: Complete_Site_Build failed. Quitting the test as other methods depend on it
	at com.comcast.utils.ComcastTest.tearDown(ComcastTest.java:430)
	at sun.reflect.GeneratedMethodAccessor14.invoke(Unknown Source)
	at sun.reflect.DelegatingMethodAccessorImpl.invoke(DelegatingMethodAccessorImpl.java:43)
	at java.lang.reflect.Method.invoke(Method.java:498)
	at org.testng.internal.MethodInvocationHelper.invokeMethod(MethodInvocationHelper.java:85)
	at org.testng.internal.Invoker.invokeConfigurationMethod(Invoker.java:510)
	at org.testng.internal.Invoker.invokeConfigurations(Invoker.java:211)
	at org.testng.internal.Invoker.invokeMethod(Invoker.java:703)
	at org.testng.internal.Invoker.invokeTestMethod(Invoker.java:816)
	at org.testng.internal.Invoker.invokeTestMethods(Invoker.java:1124)
	at org.testng.internal.TestMethodWorker.invokeTestMethods(TestMethodWorker.java:125)
	at org.testng.internal.TestMethodWorker.run(TestMethodWorker.java:108)
	at org.testng.TestRunner.privateRun(TestRunner.java:774)
	at org.testng.TestRunner.run(TestRunner.java:624)
	at org.testng.SuiteRunner.runTest(SuiteRunner.java:359)
	at org.testng.SuiteRunner.access$000(SuiteRunner.java:39)
	at org.testng.SuiteRunner$SuiteWorker.run(SuiteRunner.java:393)
	at org.testng.internal.thread.ThreadUtil$2.call(ThreadUtil.java:64)
	at java.util.concurrent.FutureTask.run(FutureTask.java:266)
	at java.util.concurrent.ThreadPoolExecutor.runWorker(ThreadPoolExecutor.java:1142)
	at java.util.concurrent.ThreadPoolExecutor$Worker.run(ThreadPoolExecutor.java:617)
	at java.lang.Thread.run(Thread.java:745)
]]>
            </full-stacktrace>
          </exception> <!-- org.testng.SkipException -->
          <reporter-output>
          </reporter-output>
        </test-method> <!-- tearDown -->
        <test-method status="SKIP" signature="setupData(java.lang.reflect.Method)[pri:0, instance:com.comcast.century.newConnect.NewConnectTest@bca1e0]" name="setupData" is-config="true" duration-ms="0" started-at="2016-08-31T23:43:16Z" finished-at="2016-08-31T23:43:16Z">
          <reporter-output>
          </reporter-output>
        </test-method> <!-- setupData -->
        <test-method status="SKIP" signature="Obtain_Fiber_Plant_Permit()[pri:8500, instance:com.comcast.century.newConnect.NewConnectTest@bca1e0]" name="Obtain_Fiber_Plant_Permit" duration-ms="0" started-at="2016-08-31T23:43:16Z" finished-at="2016-08-31T23:43:16Z">
          <reporter-output>
          </reporter-output>
        </test-method> <!-- Obtain_Fiber_Plant_Permit -->
        <test-method status="SKIP" signature="tearDown(org.testng.ITestResult)[pri:0, instance:com.comcast.century.newConnect.NewConnectTest@bca1e0]" name="tearDown" is-config="true" duration-ms="0" started-at="2016-08-31T23:43:16Z" finished-at="2016-08-31T23:43:16Z">
          <reporter-output>
          </reporter-output>
        </test-method> <!-- tearDown -->
        <test-method status="SKIP" signature="afterMethod()[pri:0, instance:com.comcast.century.newConnect.NewConnectTest@bca1e0]" name="afterMethod" is-config="true" duration-ms="0" started-at="2016-08-31T23:43:16Z" finished-at="2016-08-31T23:43:16Z">
          <reporter-output>
          </reporter-output>
        </test-method> <!-- afterMethod -->
        <test-method status="SKIP" signature="setupData(java.lang.reflect.Method)[pri:0, instance:com.comcast.century.newConnect.NewConnectTest@bca1e0]" name="setupData" is-config="true" duration-ms="0" started-at="2016-08-31T23:43:16Z" finished-at="2016-08-31T23:43:16Z">
          <reporter-output>
          </reporter-output>
        </test-method> <!-- setupData -->
        <test-method status="SKIP" signature="Complete_Fiber_Plant_Build()[pri:9000, instance:com.comcast.century.newConnect.NewConnectTest@bca1e0]" name="Complete_Fiber_Plant_Build" duration-ms="0" started-at="2016-08-31T23:43:16Z" finished-at="2016-08-31T23:43:16Z">
          <reporter-output>
          </reporter-output>
        </test-method> <!-- Complete_Fiber_Plant_Build -->
        <test-method status="SKIP" signature="afterMethod()[pri:0, instance:com.comcast.century.newConnect.NewConnectTest@bca1e0]" name="afterMethod" is-config="true" duration-ms="0" started-at="2016-08-31T23:43:16Z" finished-at="2016-08-31T23:43:16Z">
          <reporter-output>
          </reporter-output>
        </test-method> <!-- afterMethod -->
        <test-method status="SKIP" signature="setupData(java.lang.reflect.Method)[pri:0, instance:com.comcast.century.newConnect.NewConnectTest@bca1e0]" name="setupData" is-config="true" duration-ms="0" started-at="2016-08-31T23:43:16Z" finished-at="2016-08-31T23:43:16Z">
          <reporter-output>
          </reporter-output>
        </test-method> <!-- setupData -->
        <test-method status="SKIP" signature="tearDown(org.testng.ITestResult)[pri:0, instance:com.comcast.century.newConnect.NewConnectTest@bca1e0]" name="tearDown" is-config="true" duration-ms="0" started-at="2016-08-31T23:43:16Z" finished-at="2016-08-31T23:43:16Z">
          <reporter-output>
          </reporter-output>
        </test-method> <!-- tearDown -->
        <test-method status="SKIP" signature="afterMethod()[pri:0, instance:com.comcast.century.newConnect.NewConnectTest@bca1e0]" name="afterMethod" is-config="true" duration-ms="0" started-at="2016-08-31T23:43:16Z" finished-at="2016-08-31T23:43:16Z">
          <reporter-output>
          </reporter-output>
        </test-method> <!-- afterMethod -->
        <test-method status="SKIP" signature="tearDown(org.testng.ITestResult)[pri:0, instance:com.comcast.century.newConnect.NewConnectTest@bca1e0]" name="tearDown" is-config="true" duration-ms="0" started-at="2016-08-31T23:43:16Z" finished-at="2016-08-31T23:43:16Z">
          <reporter-output>
          </reporter-output>
        </test-method> <!-- tearDown -->
        <test-method status="SKIP" signature="Conduct_Site_Survey_Coax()[pri:9500, instance:com.comcast.century.newConnect.NewConnectTest@bca1e0]" name="Conduct_Site_Survey_Coax" duration-ms="0" started-at="2016-08-31T23:43:16Z" finished-at="2016-08-31T23:43:16Z">
          <reporter-output>
          </reporter-output>
        </test-method> <!-- Conduct_Site_Survey_Coax -->
        <test-method status="SKIP" signature="setupData(java.lang.reflect.Method)[pri:0, instance:com.comcast.century.newConnect.NewConnectTest@bca1e0]" name="setupData" is-config="true" duration-ms="0" started-at="2016-08-31T23:43:16Z" finished-at="2016-08-31T23:43:16Z">
          <reporter-output>
          </reporter-output>
        </test-method> <!-- setupData -->
        <test-method status="SKIP" signature="Obtain_Site_Agreement_Coax()[pri:10000, instance:com.comcast.century.newConnect.NewConnectTest@bca1e0]" name="Obtain_Site_Agreement_Coax" duration-ms="0" started-at="2016-08-31T23:43:16Z" finished-at="2016-08-31T23:43:16Z">
          <reporter-output>
          </reporter-output>
        </test-method> <!-- Obtain_Site_Agreement_Coax -->
        <test-method status="SKIP" signature="Conduct_Coax_Survey()[pri:10500, instance:com.comcast.century.newConnect.NewConnectTest@bca1e0]" name="Conduct_Coax_Survey" duration-ms="0" started-at="2016-08-31T23:43:16Z" finished-at="2016-08-31T23:43:16Z">
          <reporter-output>
          </reporter-output>
        </test-method> <!-- Conduct_Coax_Survey -->
        <test-method status="SKIP" signature="setupData(java.lang.reflect.Method)[pri:0, instance:com.comcast.century.newConnect.NewConnectTest@bca1e0]" name="setupData" is-config="true" duration-ms="0" started-at="2016-08-31T23:43:16Z" finished-at="2016-08-31T23:43:16Z">
          <reporter-output>
          </reporter-output>
        </test-method> <!-- setupData -->
        <test-method status="SKIP" signature="afterMethod()[pri:0, instance:com.comcast.century.newConnect.NewConnectTest@bca1e0]" name="afterMethod" is-config="true" duration-ms="0" started-at="2016-08-31T23:43:16Z" finished-at="2016-08-31T23:43:16Z">
          <reporter-output>
          </reporter-output>
        </test-method> <!-- afterMethod -->
        <test-method status="SKIP" signature="tearDown(org.testng.ITestResult)[pri:0, instance:com.comcast.century.newConnect.NewConnectTest@bca1e0]" name="tearDown" is-config="true" duration-ms="0" started-at="2016-08-31T23:43:16Z" finished-at="2016-08-31T23:43:16Z">
          <reporter-output>
          </reporter-output>
        </test-method> <!-- tearDown -->
        <test-method status="SKIP" signature="tearDown(org.testng.ITestResult)[pri:0, instance:com.comcast.century.newConnect.NewConnectTest@bca1e0]" name="tearDown" is-config="true" duration-ms="0" started-at="2016-08-31T23:43:16Z" finished-at="2016-08-31T23:43:16Z">
          <reporter-output>
          </reporter-output>
        </test-method> <!-- tearDown -->
        <test-method status="SKIP" signature="Build_House_Account_Coax()[pri:11000, instance:com.comcast.century.newConnect.NewConnectTest@bca1e0]" name="Build_House_Account_Coax" duration-ms="0" started-at="2016-08-31T23:43:16Z" finished-at="2016-08-31T23:43:16Z">
          <reporter-output>
          </reporter-output>
        </test-method> <!-- Build_House_Account_Coax -->
        <test-method status="SKIP" signature="afterMethod()[pri:0, instance:com.comcast.century.newConnect.NewConnectTest@bca1e0]" name="afterMethod" is-config="true" duration-ms="0" started-at="2016-08-31T23:43:16Z" finished-at="2016-08-31T23:43:16Z">
          <reporter-output>
          </reporter-output>
        </test-method> <!-- afterMethod -->
        <test-method status="SKIP" signature="setupData(java.lang.reflect.Method)[pri:0, instance:com.comcast.century.newConnect.NewConnectTest@bca1e0]" name="setupData" is-config="true" duration-ms="0" started-at="2016-08-31T23:43:16Z" finished-at="2016-08-31T23:43:16Z">
          <reporter-output>
          </reporter-output>
        </test-method> <!-- setupData -->
        <test-method status="SKIP" signature="afterMethod()[pri:0, instance:com.comcast.century.newConnect.NewConnectTest@bca1e0]" name="afterMethod" is-config="true" duration-ms="0" started-at="2016-08-31T23:43:16Z" finished-at="2016-08-31T23:43:16Z">
          <reporter-output>
          </reporter-output>
        </test-method> <!-- afterMethod -->
        <test-method status="SKIP" signature="setupData(java.lang.reflect.Method)[pri:0, instance:com.comcast.century.newConnect.NewConnectTest@bca1e0]" name="setupData" is-config="true" duration-ms="0" started-at="2016-08-31T23:43:16Z" finished-at="2016-08-31T23:43:16Z">
          <reporter-output>
          </reporter-output>
        </test-method> <!-- setupData -->
        <test-method status="SKIP" signature="afterMethod()[pri:0, instance:com.comcast.century.newConnect.NewConnectTest@bca1e0]" name="afterMethod" is-config="true" duration-ms="0" started-at="2016-08-31T23:43:16Z" finished-at="2016-08-31T23:43:16Z">
          <reporter-output>
          </reporter-output>
        </test-method> <!-- afterMethod -->
        <test-method status="SKIP" signature="tearDown(org.testng.ITestResult)[pri:0, instance:com.comcast.century.newConnect.NewConnectTest@bca1e0]" name="tearDown" is-config="true" duration-ms="0" started-at="2016-08-31T23:43:16Z" finished-at="2016-08-31T23:43:16Z">
          <reporter-output>
          </reporter-output>
        </test-method> <!-- tearDown -->
        <test-method status="SKIP" signature="Obtain_Coax_Permit()[pri:11500, instance:com.comcast.century.newConnect.NewConnectTest@bca1e0]" name="Obtain_Coax_Permit" duration-ms="0" started-at="2016-08-31T23:43:16Z" finished-at="2016-08-31T23:43:16Z">
          <reporter-output>
          </reporter-output>
        </test-method> <!-- Obtain_Coax_Permit -->
        <test-method status="SKIP" signature="Complete_Site_Build_Coax()[pri:12000, instance:com.comcast.century.newConnect.NewConnectTest@bca1e0]" name="Complete_Site_Build_Coax" duration-ms="0" started-at="2016-08-31T23:43:16Z" finished-at="2016-08-31T23:43:16Z">
          <reporter-output>
          </reporter-output>
        </test-method> <!-- Complete_Site_Build_Coax -->
        <test-method status="SKIP" signature="afterMethod()[pri:0, instance:com.comcast.century.newConnect.NewConnectTest@bca1e0]" name="afterMethod" is-config="true" duration-ms="0" started-at="2016-08-31T23:43:16Z" finished-at="2016-08-31T23:43:16Z">
          <reporter-output>
          </reporter-output>
        </test-method> <!-- afterMethod -->
        <test-method status="SKIP" signature="setupData(java.lang.reflect.Method)[pri:0, instance:com.comcast.century.newConnect.NewConnectTest@bca1e0]" name="setupData" is-config="true" duration-ms="0" started-at="2016-08-31T23:43:16Z" finished-at="2016-08-31T23:43:16Z">
          <reporter-output>
          </reporter-output>
        </test-method> <!-- setupData -->
        <test-method status="SKIP" signature="tearDown(org.testng.ITestResult)[pri:0, instance:com.comcast.century.newConnect.NewConnectTest@bca1e0]" name="tearDown" is-config="true" duration-ms="0" started-at="2016-08-31T23:43:16Z" finished-at="2016-08-31T23:43:16Z">
          <reporter-output>
          </reporter-output>
        </test-method> <!-- tearDown -->
        <test-method status="SKIP" signature="tearDown(org.testng.ITestResult)[pri:0, instance:com.comcast.century.newConnect.NewConnectTest@bca1e0]" name="tearDown" is-config="true" duration-ms="0" started-at="2016-08-31T23:43:16Z" finished-at="2016-08-31T23:43:16Z">
          <reporter-output>
          </reporter-output>
        </test-method> <!-- tearDown -->
        <test-method status="SKIP" signature="setupData(java.lang.reflect.Method)[pri:0, instance:com.comcast.century.newConnect.NewConnectTest@bca1e0]" name="setupData" is-config="true" duration-ms="0" started-at="2016-08-31T23:43:16Z" finished-at="2016-08-31T23:43:16Z">
          <reporter-output>
          </reporter-output>
        </test-method> <!-- setupData -->
        <test-method status="SKIP" signature="afterMethod()[pri:0, instance:com.comcast.century.newConnect.NewConnectTest@bca1e0]" name="afterMethod" is-config="true" duration-ms="0" started-at="2016-08-31T23:43:16Z" finished-at="2016-08-31T23:43:16Z">
          <reporter-output>
          </reporter-output>
        </test-method> <!-- afterMethod -->
        <test-method status="SKIP" signature="tearDown(org.testng.ITestResult)[pri:0, instance:com.comcast.century.newConnect.NewConnectTest@bca1e0]" name="tearDown" is-config="true" duration-ms="0" started-at="2016-08-31T23:43:16Z" finished-at="2016-08-31T23:43:16Z">
          <reporter-output>
          </reporter-output>
        </test-method> <!-- tearDown -->
        <test-method status="SKIP" signature="Complete_Coax_Build()[pri:12500, instance:com.comcast.century.newConnect.NewConnectTest@bca1e0]" name="Complete_Coax_Build" duration-ms="0" started-at="2016-08-31T23:43:16Z" finished-at="2016-08-31T23:43:16Z">
          <reporter-output>
          </reporter-output>
        </test-method> <!-- Complete_Coax_Build -->
        <test-method status="SKIP" signature="setupData(java.lang.reflect.Method)[pri:0, instance:com.comcast.century.newConnect.NewConnectTest@bca1e0]" name="setupData" is-config="true" duration-ms="0" started-at="2016-08-31T23:43:16Z" finished-at="2016-08-31T23:43:16Z">
          <reporter-output>
          </reporter-output>
        </test-method> <!-- setupData -->
        <test-method status="SKIP" signature="setupData(java.lang.reflect.Method)[pri:0, instance:com.comcast.century.newConnect.NewConnectTest@bca1e0]" name="setupData" is-config="true" duration-ms="0" started-at="2016-08-31T23:43:16Z" finished-at="2016-08-31T23:43:16Z">
          <reporter-output>
          </reporter-output>
        </test-method> <!-- setupData -->
        <test-method status="SKIP" signature="tearDown(org.testng.ITestResult)[pri:0, instance:com.comcast.century.newConnect.NewConnectTest@bca1e0]" name="tearDown" is-config="true" duration-ms="0" started-at="2016-08-31T23:43:16Z" finished-at="2016-08-31T23:43:16Z">
          <reporter-output>
          </reporter-output>
        </test-method> <!-- tearDown -->
        <test-method status="SKIP" signature="afterMethod()[pri:0, instance:com.comcast.century.newConnect.NewConnectTest@bca1e0]" name="afterMethod" is-config="true" duration-ms="0" started-at="2016-08-31T23:43:16Z" finished-at="2016-08-31T23:43:16Z">
          <reporter-output>
          </reporter-output>
        </test-method> <!-- afterMethod -->
        <test-method status="SKIP" signature="Contact_Customer()[pri:13000, instance:com.comcast.century.newConnect.NewConnectTest@bca1e0]" name="Contact_Customer" duration-ms="0" started-at="2016-08-31T23:43:16Z" finished-at="2016-08-31T23:43:16Z">
          <reporter-output>
          </reporter-output>
        </test-method> <!-- Contact_Customer -->
        <test-method status="SKIP" signature="afterTest()[pri:0, instance:com.comcast.century.newConnect.NewConnectTest@bca1e0]" name="afterTest" is-config="true" duration-ms="0" started-at="2016-08-31T23:43:16Z" finished-at="2016-08-31T23:43:16Z">
          <reporter-output>
          </reporter-output>
        </test-method> <!-- afterTest -->
        <test-method status="PASS" signature="afterTestMain()[pri:0, instance:com.comcast.century.newConnect.NewConnectTest@bca1e0]" name="afterTestMain" is-config="true" duration-ms="2" started-at="2016-08-31T23:43:16Z" depends-on-methods="com.comcast.century.newConnect.NewConnectTest.afterTest" finished-at="2016-08-31T23:43:16Z">
          <reporter-output>
          </reporter-output>
        </test-method> <!-- afterTestMain -->
        <test-method status="SKIP" signature="tearDown(org.testng.ITestResult)[pri:0, instance:com.comcast.century.newConnect.NewConnectTest@bca1e0]" name="tearDown" is-config="true" duration-ms="0" started-at="2016-08-31T23:43:16Z" finished-at="2016-08-31T23:43:16Z">
          <reporter-output>
          </reporter-output>
        </test-method> <!-- tearDown -->
        <test-method status="SKIP" signature="endReportSummaryReport()[pri:0, instance:com.comcast.century.newConnect.NewConnectTest@bca1e0]" name="endReportSummaryReport" is-config="true" duration-ms="0" started-at="2016-08-31T23:43:16Z" finished-at="2016-08-31T23:43:16Z">
          <reporter-output>
          </reporter-output>
        </test-method> <!-- endReportSummaryReport -->
        <test-method status="SKIP" signature="Update_Design()[pri:13500, instance:com.comcast.century.newConnect.NewConnectTest@bca1e0]" name="Update_Design" duration-ms="0" started-at="2016-08-31T23:43:16Z" finished-at="2016-08-31T23:43:16Z">
          <reporter-output>
          </reporter-output>
        </test-method> <!-- Update_Design -->
        <test-method status="SKIP" signature="afterMethod()[pri:0, instance:com.comcast.century.newConnect.NewConnectTest@bca1e0]" name="afterMethod" is-config="true" duration-ms="0" started-at="2016-08-31T23:43:16Z" finished-at="2016-08-31T23:43:16Z">
          <reporter-output>
          </reporter-output>
        </test-method> <!-- afterMethod -->
      </class> <!-- com.comcast.century.newConnect.NewConnectTest -->
    </test> <!-- 002 - EPL service -->
  </suite> <!-- Suite -->
</testng-results>
