<?xml version="1.0" encoding="UTF-8"?>
<testng-results skipped="0" failed="0" total="6" passed="6">
  <reporter-output>
  </reporter-output>
  <suite name="Suite" duration-ms="360425" started-at="2016-08-08T20:19:33Z" finished-at="2016-08-08T20:25:33Z">
    <groups>
    </groups>
    <test name="New_Connect_ME_EDI_New_connect" duration-ms="360425" started-at="2016-08-08T20:19:33Z" finished-at="2016-08-08T20:25:33Z">
      <class name="com.comcast.century.newConnect.NewConnectTest">
        <test-method status="PASS" signature="beforeTestMain(org.testng.ITestContext)[pri:0, instance:com.comcast.century.newConnect.NewConnectTest@57e1b0c]" name="beforeTestMain" is-config="true" duration-ms="6039" started-at="2016-08-08T16:19:33Z" finished-at="2016-08-08T16:19:39Z">
          <params>
            <param index="0">
              <value>
                <![CDATA[org.testng.TestRunner@58c1670b]]>
              </value>
            </param>
          </params>
          <reporter-output>
          </reporter-output>
        </test-method> <!-- beforeTestMain -->
        <test-method status="PASS" signature="beforeTest()[pri:0, instance:com.comcast.century.newConnect.NewConnectTest@57e1b0c]" name="beforeTest" is-config="true" duration-ms="12272" started-at="2016-08-08T16:19:39Z" depends-on-methods="com.comcast.utils.ComcastTest.beforeTestMain" finished-at="2016-08-08T16:19:51Z">
          <reporter-output>
          </reporter-output>
        </test-method> <!-- beforeTest -->
        <test-method status="PASS" signature="beforeMethod()[pri:0, instance:com.comcast.century.newConnect.NewConnectTest@57e1b0c]" name="beforeMethod" is-config="true" duration-ms="0" started-at="2016-08-08T16:19:51Z" finished-at="2016-08-08T16:19:51Z">
          <reporter-output>
          </reporter-output>
        </test-method> <!-- beforeMethod -->
        <test-method status="PASS" signature="createServiceAccount()[pri:2, instance:com.comcast.century.newConnect.NewConnectTest@57e1b0c]" name="createServiceAccount" duration-ms="33874" started-at="2016-08-08T16:19:51Z" finished-at="2016-08-08T16:20:25Z">
          <reporter-output>
          </reporter-output>
        </test-method> <!-- createServiceAccount -->
        <test-method status="PASS" signature="setupData(java.lang.reflect.Method)[pri:0, instance:com.comcast.century.newConnect.NewConnectTest@57e1b0c]" name="setupData" is-config="true" duration-ms="0" started-at="2016-08-08T16:19:51Z" finished-at="2016-08-08T16:19:51Z">
          <params>
            <param index="0">
              <value>
                <![CDATA[public void com.comcast.century.newConnect.NewConnectTest.createServiceAccount() throws java.lang.InterruptedException]]>
              </value>
            </param>
          </params>
          <reporter-output>
          </reporter-output>
        </test-method> <!-- setupData -->
        <test-method status="PASS" signature="tearDown(org.testng.ITestResult)[pri:0, instance:com.comcast.century.newConnect.NewConnectTest@57e1b0c]" name="tearDown" is-config="true" duration-ms="2" started-at="2016-08-08T16:20:25Z" finished-at="2016-08-08T16:20:25Z">
          <params>
            <param index="0">
              <value>
                <![CDATA[[TestResult name=createServiceAccount status=SUCCESS method=NewConnectTest.createServiceAccount()[pri:2, instance:com.comcast.century.newConnect.NewConnectTest@57e1b0c] output={null}]]]>
              </value>
            </param>
          </params>
          <reporter-output>
          </reporter-output>
        </test-method> <!-- tearDown -->
        <test-method status="PASS" signature="afterMethod()[pri:0, instance:com.comcast.century.newConnect.NewConnectTest@57e1b0c]" name="afterMethod" is-config="true" duration-ms="0" started-at="2016-08-08T16:20:25Z" finished-at="2016-08-08T16:20:25Z">
          <reporter-output>
          </reporter-output>
        </test-method> <!-- afterMethod -->
        <test-method status="PASS" signature="setupData(java.lang.reflect.Method)[pri:0, instance:com.comcast.century.newConnect.NewConnectTest@57e1b0c]" name="setupData" is-config="true" duration-ms="0" started-at="2016-08-08T16:20:25Z" finished-at="2016-08-08T16:20:25Z">
          <params>
            <param index="0">
              <value>
                <![CDATA[public void com.comcast.century.newConnect.NewConnectTest.createBillingAccount()]]>
              </value>
            </param>
          </params>
          <reporter-output>
          </reporter-output>
        </test-method> <!-- setupData -->
        <test-method status="PASS" signature="beforeMethod()[pri:0, instance:com.comcast.century.newConnect.NewConnectTest@57e1b0c]" name="beforeMethod" is-config="true" duration-ms="0" started-at="2016-08-08T16:20:25Z" finished-at="2016-08-08T16:20:25Z">
          <reporter-output>
          </reporter-output>
        </test-method> <!-- beforeMethod -->
        <test-method status="PASS" signature="createBillingAccount()[pri:3, instance:com.comcast.century.newConnect.NewConnectTest@57e1b0c]" name="createBillingAccount" duration-ms="43523" started-at="2016-08-08T16:20:25Z" finished-at="2016-08-08T16:21:08Z">
          <reporter-output>
          </reporter-output>
        </test-method> <!-- createBillingAccount -->
        <test-method status="PASS" signature="tearDown(org.testng.ITestResult)[pri:0, instance:com.comcast.century.newConnect.NewConnectTest@57e1b0c]" name="tearDown" is-config="true" duration-ms="4" started-at="2016-08-08T16:21:08Z" finished-at="2016-08-08T16:21:08Z">
          <params>
            <param index="0">
              <value>
                <![CDATA[[TestResult name=createBillingAccount status=SUCCESS method=NewConnectTest.createBillingAccount()[pri:3, instance:com.comcast.century.newConnect.NewConnectTest@57e1b0c] output={null}]]]>
              </value>
            </param>
          </params>
          <reporter-output>
          </reporter-output>
        </test-method> <!-- tearDown -->
        <test-method status="PASS" signature="afterMethod()[pri:0, instance:com.comcast.century.newConnect.NewConnectTest@57e1b0c]" name="afterMethod" is-config="true" duration-ms="0" started-at="2016-08-08T16:21:08Z" finished-at="2016-08-08T16:21:08Z">
          <reporter-output>
          </reporter-output>
        </test-method> <!-- afterMethod -->
        <test-method status="PASS" signature="beforeMethod()[pri:0, instance:com.comcast.century.newConnect.NewConnectTest@57e1b0c]" name="beforeMethod" is-config="true" duration-ms="0" started-at="2016-08-08T16:21:08Z" finished-at="2016-08-08T16:21:08Z">
          <reporter-output>
          </reporter-output>
        </test-method> <!-- beforeMethod -->
        <test-method status="PASS" signature="createAddress()[pri:4, instance:com.comcast.century.newConnect.NewConnectTest@57e1b0c]" name="createAddress" duration-ms="37467" started-at="2016-08-08T16:21:08Z" finished-at="2016-08-08T16:21:46Z">
          <reporter-output>
          </reporter-output>
        </test-method> <!-- createAddress -->
        <test-method status="PASS" signature="setupData(java.lang.reflect.Method)[pri:0, instance:com.comcast.century.newConnect.NewConnectTest@57e1b0c]" name="setupData" is-config="true" duration-ms="0" started-at="2016-08-08T16:21:08Z" finished-at="2016-08-08T16:21:08Z">
          <params>
            <param index="0">
              <value>
                <![CDATA[public void com.comcast.century.newConnect.NewConnectTest.createAddress() throws java.lang.InterruptedException]]>
              </value>
            </param>
          </params>
          <reporter-output>
          </reporter-output>
        </test-method> <!-- setupData -->
        <test-method status="PASS" signature="afterMethod()[pri:0, instance:com.comcast.century.newConnect.NewConnectTest@57e1b0c]" name="afterMethod" is-config="true" duration-ms="0" started-at="2016-08-08T16:21:46Z" finished-at="2016-08-08T16:21:46Z">
          <reporter-output>
          </reporter-output>
        </test-method> <!-- afterMethod -->
        <test-method status="PASS" signature="tearDown(org.testng.ITestResult)[pri:0, instance:com.comcast.century.newConnect.NewConnectTest@57e1b0c]" name="tearDown" is-config="true" duration-ms="2" started-at="2016-08-08T16:21:46Z" finished-at="2016-08-08T16:21:46Z">
          <params>
            <param index="0">
              <value>
                <![CDATA[[TestResult name=createAddress status=SUCCESS method=NewConnectTest.createAddress()[pri:4, instance:com.comcast.century.newConnect.NewConnectTest@57e1b0c] output={null}]]]>
              </value>
            </param>
          </params>
          <reporter-output>
          </reporter-output>
        </test-method> <!-- tearDown -->
        <test-method status="PASS" signature="selectService()[pri:5, instance:com.comcast.century.newConnect.NewConnectTest@57e1b0c]" name="selectService" duration-ms="52905" started-at="2016-08-08T16:21:46Z" finished-at="2016-08-08T16:22:39Z">
          <reporter-output>
          </reporter-output>
        </test-method> <!-- selectService -->
        <test-method status="PASS" signature="beforeMethod()[pri:0, instance:com.comcast.century.newConnect.NewConnectTest@57e1b0c]" name="beforeMethod" is-config="true" duration-ms="0" started-at="2016-08-08T16:21:46Z" finished-at="2016-08-08T16:21:46Z">
          <reporter-output>
          </reporter-output>
        </test-method> <!-- beforeMethod -->
        <test-method status="PASS" signature="setupData(java.lang.reflect.Method)[pri:0, instance:com.comcast.century.newConnect.NewConnectTest@57e1b0c]" name="setupData" is-config="true" duration-ms="0" started-at="2016-08-08T16:21:46Z" finished-at="2016-08-08T16:21:46Z">
          <params>
            <param index="0">
              <value>
                <![CDATA[public void com.comcast.century.newConnect.NewConnectTest.selectService() throws java.lang.InterruptedException]]>
              </value>
            </param>
          </params>
          <reporter-output>
          </reporter-output>
        </test-method> <!-- setupData -->
        <test-method status="PASS" signature="afterMethod()[pri:0, instance:com.comcast.century.newConnect.NewConnectTest@57e1b0c]" name="afterMethod" is-config="true" duration-ms="0" started-at="2016-08-08T16:22:39Z" finished-at="2016-08-08T16:22:39Z">
          <reporter-output>
          </reporter-output>
        </test-method> <!-- afterMethod -->
        <test-method status="PASS" signature="tearDown(org.testng.ITestResult)[pri:0, instance:com.comcast.century.newConnect.NewConnectTest@57e1b0c]" name="tearDown" is-config="true" duration-ms="2" started-at="2016-08-08T16:22:39Z" finished-at="2016-08-08T16:22:39Z">
          <params>
            <param index="0">
              <value>
                <![CDATA[[TestResult name=selectService status=SUCCESS method=NewConnectTest.selectService()[pri:5, instance:com.comcast.century.newConnect.NewConnectTest@57e1b0c] output={null}]]]>
              </value>
            </param>
          </params>
          <reporter-output>
          </reporter-output>
        </test-method> <!-- tearDown -->
        <test-method status="PASS" signature="setupData(java.lang.reflect.Method)[pri:0, instance:com.comcast.century.newConnect.NewConnectTest@57e1b0c]" name="setupData" is-config="true" duration-ms="0" started-at="2016-08-08T16:22:39Z" finished-at="2016-08-08T16:22:39Z">
          <params>
            <param index="0">
              <value>
                <![CDATA[public void com.comcast.century.newConnect.NewConnectTest.processService() throws java.lang.InterruptedException]]>
              </value>
            </param>
          </params>
          <reporter-output>
          </reporter-output>
        </test-method> <!-- setupData -->
        <test-method status="PASS" signature="beforeMethod()[pri:0, instance:com.comcast.century.newConnect.NewConnectTest@57e1b0c]" name="beforeMethod" is-config="true" duration-ms="0" started-at="2016-08-08T16:22:39Z" finished-at="2016-08-08T16:22:39Z">
          <reporter-output>
          </reporter-output>
        </test-method> <!-- beforeMethod -->
        <test-method status="PASS" signature="processService()[pri:6, instance:com.comcast.century.newConnect.NewConnectTest@57e1b0c]" name="processService" duration-ms="121153" started-at="2016-08-08T16:22:39Z" finished-at="2016-08-08T16:24:40Z">
          <reporter-output>
          </reporter-output>
        </test-method> <!-- processService -->
        <test-method status="PASS" signature="afterMethod()[pri:0, instance:com.comcast.century.newConnect.NewConnectTest@57e1b0c]" name="afterMethod" is-config="true" duration-ms="0" started-at="2016-08-08T16:24:40Z" finished-at="2016-08-08T16:24:40Z">
          <reporter-output>
          </reporter-output>
        </test-method> <!-- afterMethod -->
        <test-method status="PASS" signature="tearDown(org.testng.ITestResult)[pri:0, instance:com.comcast.century.newConnect.NewConnectTest@57e1b0c]" name="tearDown" is-config="true" duration-ms="2" started-at="2016-08-08T16:24:40Z" finished-at="2016-08-08T16:24:40Z">
          <params>
            <param index="0">
              <value>
                <![CDATA[[TestResult name=processService status=SUCCESS method=NewConnectTest.processService()[pri:6, instance:com.comcast.century.newConnect.NewConnectTest@57e1b0c] output={null}]]]>
              </value>
            </param>
          </params>
          <reporter-output>
          </reporter-output>
        </test-method> <!-- tearDown -->
        <test-method status="PASS" signature="submitOrder()[pri:7, instance:com.comcast.century.newConnect.NewConnectTest@57e1b0c]" name="submitOrder" duration-ms="53135" started-at="2016-08-08T16:24:40Z" finished-at="2016-08-08T16:25:33Z">
          <reporter-output>
          </reporter-output>
        </test-method> <!-- submitOrder -->
        <test-method status="PASS" signature="setupData(java.lang.reflect.Method)[pri:0, instance:com.comcast.century.newConnect.NewConnectTest@57e1b0c]" name="setupData" is-config="true" duration-ms="0" started-at="2016-08-08T16:24:40Z" finished-at="2016-08-08T16:24:40Z">
          <params>
            <param index="0">
              <value>
                <![CDATA[public void com.comcast.century.newConnect.NewConnectTest.submitOrder() throws java.lang.InterruptedException]]>
              </value>
            </param>
          </params>
          <reporter-output>
          </reporter-output>
        </test-method> <!-- setupData -->
        <test-method status="PASS" signature="beforeMethod()[pri:0, instance:com.comcast.century.newConnect.NewConnectTest@57e1b0c]" name="beforeMethod" is-config="true" duration-ms="0" started-at="2016-08-08T16:24:40Z" finished-at="2016-08-08T16:24:40Z">
          <reporter-output>
          </reporter-output>
        </test-method> <!-- beforeMethod -->
        <test-method status="PASS" signature="afterMethod()[pri:0, instance:com.comcast.century.newConnect.NewConnectTest@57e1b0c]" name="afterMethod" is-config="true" duration-ms="0" started-at="2016-08-08T16:25:33Z" finished-at="2016-08-08T16:25:33Z">
          <reporter-output>
          </reporter-output>
        </test-method> <!-- afterMethod -->
        <test-method status="PASS" signature="tearDown(org.testng.ITestResult)[pri:0, instance:com.comcast.century.newConnect.NewConnectTest@57e1b0c]" name="tearDown" is-config="true" duration-ms="2" started-at="2016-08-08T16:25:33Z" finished-at="2016-08-08T16:25:33Z">
          <params>
            <param index="0">
              <value>
                <![CDATA[[TestResult name=submitOrder status=SUCCESS method=NewConnectTest.submitOrder()[pri:7, instance:com.comcast.century.newConnect.NewConnectTest@57e1b0c] output={null}]]]>
              </value>
            </param>
          </params>
          <reporter-output>
          </reporter-output>
        </test-method> <!-- tearDown -->
        <test-method status="PASS" signature="endReportSummaryReport()[pri:0, instance:com.comcast.century.newConnect.NewConnectTest@57e1b0c]" name="endReportSummaryReport" is-config="true" duration-ms="2" started-at="2016-08-08T16:25:33Z" finished-at="2016-08-08T16:25:33Z">
          <reporter-output>
          </reporter-output>
        </test-method> <!-- endReportSummaryReport -->
        <test-method status="PASS" signature="afterTest()[pri:0, instance:com.comcast.century.newConnect.NewConnectTest@57e1b0c]" name="afterTest" is-config="true" duration-ms="0" started-at="2016-08-08T16:25:33Z" finished-at="2016-08-08T16:25:33Z">
          <reporter-output>
          </reporter-output>
        </test-method> <!-- afterTest -->
        <test-method status="PASS" signature="afterTestMain()[pri:0, instance:com.comcast.century.newConnect.NewConnectTest@57e1b0c]" name="afterTestMain" is-config="true" duration-ms="1" started-at="2016-08-08T16:25:33Z" depends-on-methods="com.comcast.century.newConnect.NewConnectTest.afterTest" finished-at="2016-08-08T16:25:33Z">
          <reporter-output>
          </reporter-output>
        </test-method> <!-- afterTestMain -->
      </class> <!-- com.comcast.century.newConnect.NewConnectTest -->
    </test> <!-- New_Connect_ME_EDI_New_connect -->
  </suite> <!-- Suite -->
</testng-results>
